[    0.000000] Initializing cgroup subsys cpuset
[    0.000000] Initializing cgroup subsys cpu
[    0.000000] Initializing cgroup subsys cpuacct
[    0.000000] Linux version 4.4.0-210-generic (buildd@lgw01-amd64-009) (gcc version 5.4.0 20160609 (Ubuntu 5.4.0-6ubuntu1~16.04.12) ) #242-Ubuntu SMP Fri Apr 16 09:57:56 UTC 2021 (Ubuntu 4.4.0-210.242-generic 4.4.262)
[    0.000000] Command line: BOOT_IMAGE=/boot/vmlinuz-4.4.0-210-generic root=LABEL=cloudimg-rootfs ro console=tty1 console=ttyS0
[    0.000000] KERNEL supported cpus:
[    0.000000]   Intel GenuineIntel
[    0.000000]   AMD AuthenticAMD
[    0.000000]   Centaur CentaurHauls
[    0.000000] x86/fpu: xstate_offset[2]:  576, xstate_sizes[2]:  256
[    0.000000] x86/fpu: Supporting XSAVE feature 0x01: 'x87 floating point registers'
[    0.000000] x86/fpu: Supporting XSAVE feature 0x02: 'SSE registers'
[    0.000000] x86/fpu: Supporting XSAVE feature 0x04: 'AVX registers'
[    0.000000] x86/fpu: Enabled xstate features 0x7, context size is 832 bytes, using 'standard' format.
[    0.000000] e820: BIOS-provided physical RAM map:
[    0.000000] BIOS-e820: [mem 0x0000000000000000-0x000000000009fbff] usable
[    0.000000] BIOS-e820: [mem 0x000000000009fc00-0x000000000009ffff] reserved
[    0.000000] BIOS-e820: [mem 0x00000000000f0000-0x00000000000fffff] reserved
[    0.000000] BIOS-e820: [mem 0x0000000000100000-0x000000003ffeffff] usable
[    0.000000] BIOS-e820: [mem 0x000000003fff0000-0x000000003fffffff] ACPI data
[    0.000000] BIOS-e820: [mem 0x00000000fec00000-0x00000000fec00fff] reserved
[    0.000000] BIOS-e820: [mem 0x00000000fee00000-0x00000000fee00fff] reserved
[    0.000000] BIOS-e820: [mem 0x00000000fffc0000-0x00000000ffffffff] reserved
[    0.000000] NX (Execute Disable) protection: active
[    0.000000] SMBIOS 2.5 present.
[    0.000000] Hypervisor detected: KVM
[    0.000000] e820: last_pfn = 0x3fff0 max_arch_pfn = 0x400000000
[    0.000000] MTRR: Disabled
[    0.000000] x86/PAT: MTRRs disabled, skipping PAT initialization too.
[    0.000000] CPU MTRRs all blank - virtualized system.
[    0.000000] x86/PAT: Configuration [0-7]: WB  WT  UC- UC  WB  WT  UC- UC  
[    0.000000] found SMP MP-table at [mem 0x0009fff0-0x0009ffff] mapped at [ffff88000009fff0]
[    0.000000] Scanning 1 areas for low memory corruption
[    0.000000] RAMDISK: [mem 0x3613c000-0x37095fff]
[    0.000000] ACPI: Early table checksum verification disabled
[    0.000000] ACPI: RSDP 0x00000000000E0000 000024 (v02 VBOX  )
[    0.000000] ACPI: XSDT 0x000000003FFF0030 00003C (v01 VBOX   VBOXXSDT 00000001 ASL  00000061)
[    0.000000] ACPI: FACP 0x000000003FFF00F0 0000F4 (v04 VBOX   VBOXFACP 00000001 ASL  00000061)
[    0.000000] ACPI: DSDT 0x000000003FFF0470 002325 (v02 VBOX   VBOXBIOS 00000002 INTL 20120111)
[    0.000000] ACPI: FACS 0x000000003FFF0200 000040
[    0.000000] ACPI: FACS 0x000000003FFF0200 000040
[    0.000000] ACPI: APIC 0x000000003FFF0240 00005C (v02 VBOX   VBOXAPIC 00000001 ASL  00000061)
[    0.000000] ACPI: SSDT 0x000000003FFF02A0 0001CC (v01 VBOX   VBOXCPUT 00000002 INTL 20120111)
[    0.000000] No NUMA configuration found
[    0.000000] Faking a node at [mem 0x0000000000000000-0x000000003ffeffff]
[    0.000000] NODE_DATA(0) allocated [mem 0x3ffeb000-0x3ffeffff]
[    0.000000] kvm-clock: Using msrs 4b564d01 and 4b564d00
[    0.000000] kvm-clock: cpu 0, msr 0:3ffe3001, primary cpu clock
[    0.000000] kvm-clock: using sched offset of 3989325078 cycles
[    0.000000] clocksource: kvm-clock: mask: 0xffffffffffffffff max_cycles: 0x1cd42e4dffb, max_idle_ns: 881590591483 ns
[    0.000000] Zone ranges:
[    0.000000]   DMA      [mem 0x0000000000001000-0x0000000000ffffff]
[    0.000000]   DMA32    [mem 0x0000000001000000-0x000000003ffeffff]
[    0.000000]   Normal   empty
[    0.000000]   Device   empty
[    0.000000] Movable zone start for each node
[    0.000000] Early memory node ranges
[    0.000000]   node   0: [mem 0x0000000000001000-0x000000000009efff]
[    0.000000]   node   0: [mem 0x0000000000100000-0x000000003ffeffff]
[    0.000000] Initmem setup node 0 [mem 0x0000000000001000-0x000000003ffeffff]
[    0.000000] ACPI: PM-Timer IO Port: 0x4008
[    0.000000] IOAPIC[0]: apic_id 2, version 32, address 0xfec00000, GSI 0-23
[    0.000000] ACPI: INT_SRC_OVR (bus 0 bus_irq 0 global_irq 2 dfl dfl)
[    0.000000] ACPI: INT_SRC_OVR (bus 0 bus_irq 9 global_irq 9 low level)
[    0.000000] Using ACPI (MADT) for SMP configuration information
[    0.000000] smpboot: Allowing 2 CPUs, 0 hotplug CPUs
[    0.000000] PM: Registered nosave memory: [mem 0x00000000-0x00000fff]
[    0.000000] PM: Registered nosave memory: [mem 0x0009f000-0x0009ffff]
[    0.000000] PM: Registered nosave memory: [mem 0x000a0000-0x000effff]
[    0.000000] PM: Registered nosave memory: [mem 0x000f0000-0x000fffff]
[    0.000000] e820: [mem 0x40000000-0xfebfffff] available for PCI devices
[    0.000000] Booting paravirtualized kernel on KVM
[    0.000000] clocksource: refined-jiffies: mask: 0xffffffff max_cycles: 0xffffffff, max_idle_ns: 7645519600211568 ns
[    0.000000] setup_percpu: NR_CPUS:512 nr_cpumask_bits:512 nr_cpu_ids:2 nr_node_ids:1
[    0.000000] PERCPU: Embedded 33 pages/cpu @ffff88003fc00000 s95192 r8192 d31784 u1048576
[    0.000000] Built 1 zonelists in Node order, mobility grouping on.  Total pages: 257912
[    0.000000] Policy zone: DMA32
[    0.000000] Kernel command line: BOOT_IMAGE=/boot/vmlinuz-4.4.0-210-generic root=LABEL=cloudimg-rootfs ro console=tty1 console=ttyS0
[    0.000000] PID hash table entries: 4096 (order: 3, 32768 bytes)
[    0.000000] Memory: 996960K/1048120K available (8644K kernel code, 1332K rwdata, 4044K rodata, 1492K init, 1164K bss, 51160K reserved, 0K cma-reserved)
[    0.000000] SLUB: HWalign=64, Order=0-3, MinObjects=0, CPUs=2, Nodes=1
[    0.000000] Kernel/User page tables isolation: enabled
[    0.000000] Hierarchical RCU implementation.
[    0.000000] 	Build-time adjustment of leaf fanout to 64.
[    0.000000] 	RCU restricting CPUs from NR_CPUS=512 to nr_cpu_ids=2.
[    0.000000] RCU: Adjusting geometry for rcu_fanout_leaf=64, nr_cpu_ids=2
[    0.000000] NR_IRQS:33024 nr_irqs:440 16
[    0.000000] Console: colour VGA+ 80x25
[    0.000000] console [tty1] enabled
[    0.000000] console [ttyS0] enabled
[    0.000000] tsc: Detected 1996.800 MHz processor
[    0.157189] Calibrating delay loop (skipped) preset value.. 3993.60 BogoMIPS (lpj=7987200)
[    0.159203] pid_max: default: 32768 minimum: 301
[    0.160372] ACPI: Core revision 20150930
[    0.162198] ACPI: 2 ACPI AML tables successfully acquired and loaded
[    0.163805] Security Framework initialized
[    0.164812] Yama: becoming mindful.
[    0.165731] AppArmor: AppArmor initialized
[    0.167035] Dentry cache hash table entries: 131072 (order: 8, 1048576 bytes)
[    0.170578] Inode-cache hash table entries: 65536 (order: 7, 524288 bytes)
[    0.172206] Mount-cache hash table entries: 2048 (order: 2, 16384 bytes)
[    0.173943] Mountpoint-cache hash table entries: 2048 (order: 2, 16384 bytes)
[    0.175646] Initializing cgroup subsys io
[    0.176632] Initializing cgroup subsys memory
[    0.177640] Initializing cgroup subsys devices
[    0.178687] Initializing cgroup subsys freezer
[    0.179705] Initializing cgroup subsys net_cls
[    0.180778] Initializing cgroup subsys perf_event
[    0.181860] Initializing cgroup subsys net_prio
[    0.182966] Initializing cgroup subsys hugetlb
[    0.183993] Initializing cgroup subsys pids
[    0.188716] mce: CPU supports 0 MCE banks
[    0.189676] Last level iTLB entries: 4KB 0, 2MB 0, 4MB 0
[    0.190849] Last level dTLB entries: 4KB 0, 2MB 0, 4MB 0, 1GB 0
[    0.192200] Spectre V1 : Mitigation: usercopy/swapgs barriers and __user pointer sanitization
[    0.194302] Spectre V2 : Mitigation: Full generic retpoline
[    0.195525] Spectre V2 : Spectre v2 / SpectreRSB mitigation: Filling RSB on context switch
[    0.197453] Speculative Store Bypass: Vulnerable
[    0.198603] MDS: Mitigation: Clear CPU buffers
[    0.202170] Freeing SMP alternatives memory: 36K
[    0.209298] ftrace: allocating 32380 entries in 127 pages
[    0.276845] smpboot: APIC(0) Converting physical 0 to logical package 0
[    0.280948] smpboot: Max logical packages: 1
[    0.282230] x2apic enabled
[    0.283162] Switched APIC routing to physical x2apic.
[    0.285370] ..TIMER: vector=0x30 apic1=0 pin1=2 apic2=-1 pin2=-1
[    0.394814] smpboot: CPU0: Intel(R) Core(TM) i5-1038NG7 CPU @ 2.00GHz (family: 0x6, model: 0x7e, stepping: 0x5)
[    0.398814] Performance Events: unsupported p6 CPU model 126 no PMU driver, software events only.
[    0.412241] KVM setup paravirtual spinlock
[    0.414397] x86: Booting SMP configuration:
[    0.415554] .... node  #0, CPUs:      #1
[    0.416774] kvm-clock: cpu 1, msr 0:3ffe3041, secondary cpu clock
[    0.421550] mce: CPU supports 0 MCE banks
[    0.424222] x86: Booted up 1 node, 2 CPUs
[    0.425358] smpboot: Total of 2 processors activated (7987.20 BogoMIPS)
[    0.427608] devtmpfs: initialized
[    0.429511] evm: security.selinux
[    0.430327] evm: security.SMACK64
[    0.431177] evm: security.SMACK64EXEC
[    0.432466] evm: security.SMACK64TRANSMUTE
[    0.433703] evm: security.SMACK64MMAP
[    0.434606] evm: security.ima
[    0.435348] evm: security.capability
[    0.436382] clocksource: jiffies: mask: 0xffffffff max_cycles: 0xffffffff, max_idle_ns: 7645041785100000 ns
[    0.438543] futex hash table entries: 512 (order: 3, 32768 bytes)
[    0.439948] pinctrl core: initialized pinctrl subsystem
[    0.441198] RTC time: 16:50:48, date: 01/03/22
[    0.442457] NET: Registered protocol family 16
[    0.454926] cpuidle: using governor ladder
[    0.466684] cpuidle: using governor menu
[    0.468162] PCCT header not found.
[    0.469518] ACPI: bus type PCI registered
[    0.470749] acpiphp: ACPI Hot Plug PCI Controller Driver version: 0.5
[    0.472708] PCI: Using configuration type 1 for base access
[    0.487241] ACPI: Added _OSI(Module Device)
[    0.488727] ACPI: Added _OSI(Processor Device)
[    0.489874] ACPI: Added _OSI(3.0 _SCP Extensions)
[    0.491037] ACPI: Added _OSI(Processor Aggregator Device)
[    0.493448] ACPI: Executed 1 blocks of module-level executable AML code
[    0.497087] ACPI: Interpreter enabled
[    0.498002] ACPI: (supports S0 S5)
[    0.499020] ACPI: Using IOAPIC for interrupt routing
[    0.500354] PCI: Using host bridge windows from ACPI; if necessary, use "pci=nocrs" and report a bug
[    0.507871] ACPI: PCI Root Bridge [PCI0] (domain 0000 [bus 00-ff])
[    0.509470] acpi PNP0A03:00: _OSC: OS supports [ASPM ClockPM Segments MSI]
[    0.511482] acpi PNP0A03:00: _OSC: not requesting OS control; OS requires [ExtendedConfig ASPM ClockPM MSI]
[    0.514217] acpi PNP0A03:00: fail to add MMCONFIG information, can't access extended PCI configuration space under this bridge.
[    0.517380] PCI host bridge to bus 0000:00
[    0.518397] pci_bus 0000:00: root bus resource [io  0x0000-0x0cf7 window]
[    0.519878] pci_bus 0000:00: root bus resource [io  0x0d00-0xffff window]
[    0.521386] pci_bus 0000:00: root bus resource [mem 0x000a0000-0x000bffff window]
[    0.523155] pci_bus 0000:00: root bus resource [mem 0x40000000-0xfdffffff window]
[    0.525056] pci_bus 0000:00: root bus resource [bus 00-ff]
[    0.528782] pci 0000:00:01.1: legacy IDE quirk: reg 0x10: [io  0x01f0-0x01f7]
[    0.530567] pci 0000:00:01.1: legacy IDE quirk: reg 0x14: [io  0x03f6]
[    0.532034] pci 0000:00:01.1: legacy IDE quirk: reg 0x18: [io  0x0170-0x0177]
[    0.534002] pci 0000:00:01.1: legacy IDE quirk: reg 0x1c: [io  0x0376]
[    0.559953] pci 0000:00:07.0: quirk: [io  0x4000-0x403f] claimed by PIIX4 ACPI
[    0.561916] pci 0000:00:07.0: quirk: [io  0x4100-0x410f] claimed by PIIX4 SMB
[    0.573420] ACPI: PCI Interrupt Link [LNKA] (IRQs 5 9 10 *11)
[    0.575713] ACPI: PCI Interrupt Link [LNKB] (IRQs 5 9 *10 11)
[    0.577524] ACPI: PCI Interrupt Link [LNKC] (IRQs 5 *9 10 11)
[    0.579197] ACPI: PCI Interrupt Link [LNKD] (IRQs 5 9 10 *11)
[    0.580931] ACPI: Enabled 2 GPEs in block 00 to 07
[    0.582372] vgaarb: setting as boot device: PCI:0000:00:02.0
[    0.583640] vgaarb: device added: PCI:0000:00:02.0,decodes=io+mem,owns=io+mem,locks=none
[    0.585600] vgaarb: loaded
[    0.586312] vgaarb: bridge control possible 0000:00:02.0
[    0.587923] SCSI subsystem initialized
[    0.589040] ACPI: bus type USB registered
[    0.590017] usbcore: registered new interface driver usbfs
[    0.591333] usbcore: registered new interface driver hub
[    0.592685] usbcore: registered new device driver usb
[    0.596165] PCI: Using ACPI for IRQ routing
[    0.597572] NetLabel: Initializing
[    0.598495] NetLabel:  domain hash size = 128
[    0.599567] NetLabel:  protocols = UNLABELED CIPSOv4
[    0.600746] NetLabel:  unlabeled traffic allowed by default
[    0.602130] amd_nb: Cannot enumerate AMD northbridges
[    0.603309] clocksource: Switched to clocksource kvm-clock
[    0.612442] AppArmor: AppArmor Filesystem Enabled
[    0.613723] pnp: PnP ACPI init
[    0.615673] pnp: PnP ACPI: found 3 devices
[    0.624086] clocksource: acpi_pm: mask: 0xffffff max_cycles: 0xffffff, max_idle_ns: 2085701024 ns
[    0.626273] NET: Registered protocol family 2
[    0.627487] TCP established hash table entries: 8192 (order: 4, 65536 bytes)
[    0.628966] TCP bind hash table entries: 8192 (order: 5, 131072 bytes)
[    0.630378] TCP: Hash tables configured (established 8192 bind 8192)
[    0.631843] UDP hash table entries: 512 (order: 2, 16384 bytes)
[    0.633177] UDP-Lite hash table entries: 512 (order: 2, 16384 bytes)
[    0.634591] NET: Registered protocol family 1
[    0.635638] pci 0000:00:00.0: Limiting direct PCI/PCI transfers
[    0.637008] pci 0000:00:01.0: Activating ISA DMA hang workarounds
[    0.638590] Unpacking initramfs...
[    0.890327] Freeing initrd memory: 15720K
[    0.892251] clocksource: tsc: mask: 0xffffffffffffffff max_cycles: 0x3990bec8342, max_idle_ns: 881590769617 ns
[    0.895327] platform rtc_cmos: registered platform RTC device (no PNP device found)
[    0.897292] Scanning for low memory corruption every 60 seconds
[    0.899062] audit: initializing netlink subsys (disabled)
[    0.900784] audit: type=2000 audit(1641228654.640:1): initialized
[    0.902321] Initialise system trusted keyring
[    0.903547] HugeTLB registered 2 MB page size, pre-allocated 0 pages
[    0.905916] zbud: loaded
[    0.907000] VFS: Disk quotas dquot_6.6.0
[    0.908002] VFS: Dquot-cache hash table entries: 512 (order 0, 4096 bytes)
[    0.909659] squashfs: version 4.0 (2009/01/31) Phillip Lougher
[    0.911194] fuse init (API version 7.23)
[    0.914340] Key type big_key registered
[    0.915390] Allocating IMA MOK and blacklist keyrings.
[    0.917168] Key type asymmetric registered
[    0.918247] Asymmetric key parser 'x509' registered
[    0.919474] Block layer SCSI generic (bsg) driver version 0.4 loaded (major 249)
[    0.921346] io scheduler noop registered
[    0.922332] io scheduler deadline registered (default)
[    0.923783] io scheduler cfq registered
[    0.924786] pci_hotplug: PCI Hot Plug PCI Core version: 0.5
[    0.926002] pciehp: PCI Express Hot Plug Controller Driver version: 0.4
[    0.927980] ACPI: AC Adapter [AC] (on-line)
[    0.929077] input: Power Button as /devices/LNXSYSTM:00/LNXPWRBN:00/input/input0
[    0.930793] ACPI: Power Button [PWRF]
[    0.931810] input: Sleep Button as /devices/LNXSYSTM:00/LNXSLPBN:00/input/input1
[    0.933515] ACPI: Sleep Button [SLPF]
[    0.935860] ACPI: Battery Slot [BAT0] (battery present)
[    0.937143] GHES: HEST is not enabled!
[    0.938184] Serial: 8250/16550 driver, 32 ports, IRQ sharing enabled
[    0.960243] 00:02: ttyS0 at I/O 0x3f8 (irq = 4, base_baud = 115200) is a 16550A
[    0.965005] Linux agpgart interface v0.103
[    0.967449] loop: module loaded
[    0.968877] scsi host0: ata_piix
[    0.969863] scsi host1: ata_piix
[    0.970698] ata1: PATA max UDMA/33 cmd 0x1f0 ctl 0x3f6 bmdma 0xd000 irq 14
[    0.972247] ata2: PATA max UDMA/33 cmd 0x170 ctl 0x376 bmdma 0xd008 irq 15
[    0.973891] libphy: Fixed MDIO Bus: probed
[    0.974892] tun: Universal TUN/TAP device driver, 1.6
[    0.976086] tun: (C) 1999-2004 Max Krasnyansky <maxk@qualcomm.com>
[    0.977523] PPP generic driver version 2.4.2
[    0.978589] ehci_hcd: USB 2.0 'Enhanced' Host Controller (EHCI) Driver
[    0.980024] ehci-pci: EHCI PCI platform driver
[    0.981118] ehci-platform: EHCI generic platform driver
[    0.982364] ohci_hcd: USB 1.1 'Open' Host Controller (OHCI) Driver
[    0.983910] ohci-pci: OHCI PCI platform driver
[    0.984987] ohci-platform: OHCI generic platform driver
[    0.986170] uhci_hcd: USB Universal Host Controller Interface driver
[    0.987582] i8042: PNP: PS/2 Controller [PNP0303:PS2K,PNP0f03:PS2M] at 0x60,0x64 irq 1,12
[    0.989934] serio: i8042 KBD port at 0x60,0x64 irq 1
[    0.991080] serio: i8042 AUX port at 0x60,0x64 irq 12
[    0.992496] mousedev: PS/2 mouse device common for all mice
[    0.994146] input: AT Translated Set 2 keyboard as /devices/platform/i8042/serio0/input/input2
[    0.996639] rtc_cmos rtc_cmos: rtc core: registered rtc_cmos as rtc0
[    0.998057] rtc_cmos rtc_cmos: alarms up to one day, 114 bytes nvram
[    0.999430] i2c /dev entries driver
[    1.000370] device-mapper: uevent: version 1.0.3
[    1.001557] device-mapper: ioctl: 4.34.0-ioctl (2015-10-28) initialised: dm-devel@redhat.com
[    1.003605] ledtrig-cpu: registered to indicate activity on CPUs
[    1.005264] NET: Registered protocol family 10
[    1.006431] NET: Registered protocol family 17
[    1.007462] Key type dns_resolver registered
[    1.008756] registered taskstats version 1
[    1.009715] Loading compiled-in X.509 certificates
[    1.011289] Loaded X.509 cert 'Build time autogenerated kernel key: cf00e047681d67edb2720680708b7d9498083038'
[    1.013529] zswap: loaded using pool lzo/zbud
[    1.016220] Key type trusted registered
[    1.019687] Key type encrypted registered
[    1.020638] AppArmor: AppArmor sha1 policy hashing enabled
[    1.021872] ima: No TPM chip found, activating TPM-bypass!
[    1.023095] ima: Allocated hash algorithm: sha1
[    1.024240] evm: HMAC attrs: 0x1
[    1.025494]   Magic number: 6:677:842
[    1.026513] rtc_cmos rtc_cmos: setting system clock to 2022-01-03 16:50:49 UTC (1641228649)
[    1.028580] BIOS EDD facility v0.16 2004-Jun-25, 0 devices found
[    1.029862] EDD information not available.
[    1.152814] Freeing unused kernel memory: 1492K
[    1.154028] Write protecting the kernel read-only data: 14336k
[    1.155885] Freeing unused kernel memory: 1584K
[    1.157040] Freeing unused kernel memory: 52K
Loading, please wait...
starting version 229
[    1.169875] random: systemd-udevd: uninitialized urandom read (16 bytes read, 3 bits of entropy available)
[    1.170452] random: udevadm: uninitialized urandom read (16 bytes read, 3 bits of entropy available)
[    1.170470] random: udevadm: uninitialized urandom read (16 bytes read, 3 bits of entropy available)
[    1.178023] random: systemd-udevd: uninitialized urandom read (16 bytes read, 3 bits of entropy available)
[    1.179587] random: udevadm: uninitialized urandom read (16 bytes read, 3 bits of entropy available)
[    1.179642] random: udevadm: uninitialized urandom read (16 bytes read, 3 bits of entropy available)
[    1.179771] random: udevadm: uninitialized urandom read (16 bytes read, 3 bits of entropy available)
[    1.179821] random: udevadm: uninitialized urandom read (16 bytes read, 3 bits of entropy available)
[    1.179864] random: udevadm: uninitialized urandom read (16 bytes read, 3 bits of entropy available)
[    1.179907] random: udevadm: uninitialized urandom read (16 bytes read, 3 bits of entropy available)
[    1.220680] [drm] Initialized drm 1.1.0 20060810
[    1.225900] Fusion MPT base driver 3.04.20
[    1.227063] Copyright (c) 1999-2008 LSI Corporation
[    1.230378] e1000: Intel(R) PRO/1000 Network Driver - version 7.3.21-k8-NAPI
[    1.232749] e1000: Copyright (c) 1999-2006 Intel Corporation.
[    1.240250] Fusion MPT SPI Host driver 3.04.20
[    1.247127] mptbase: ioc0: Initiating bringup
[    1.248609] vboxvideo: loading out-of-tree module taints kernel.
[    1.250249] vboxvideo: module verification failed: signature and/or required key missing - tainting kernel
[    1.253736] vboxvideo: loading version 6.1.30 r148432
[    1.258176] AVX2 version of gcm_enc/dec engaged.
[    1.259411] AES CTR mode by8 optimization enabled
[    1.317002] ioc0: LSI53C1030 A0: Capabilities={Initiator}
[    1.438813] input: ImExPS/2 Generic Explorer Mouse as /devices/platform/i8042/serio1/input/input4
[    1.497073] scsi host2: ioc0: LSI53C1030 A0, FwRev=00000000h, Ports=1, MaxQ=256, IRQ=20
[    1.617740] scsi 2:0:0:0: Direct-Access     VBOX     HARDDISK         1.0  PQ: 0 ANSI: 5
[    1.619914] scsi target2:0:0: Beginning Domain Validation
[    1.622374] scsi target2:0:0: Domain Validation skipping write tests
[    1.624039] scsi target2:0:0: Ending Domain Validation
[    1.625341] scsi target2:0:0: asynchronous
[    1.626855] scsi 2:0:1:0: Direct-Access     VBOX     HARDDISK         1.0  PQ: 0 ANSI: 5
[    1.629087] scsi target2:0:1: Beginning Domain Validation
[    1.631103] scsi target2:0:1: Domain Validation skipping write tests
[    1.641770] scsi target2:0:1: Ending Domain Validation
[    1.643121] scsi target2:0:1: asynchronous
[    1.650424] sd 2:0:0:0: Attached scsi generic sg0 type 0
[    1.655509] sd 2:0:0:0: [sda] 83886080 512-byte logical blocks: (42.9 GB/40.0 GiB)
[    1.658858] sd 2:0:1:0: Attached scsi generic sg1 type 0
[    1.660478] sd 2:0:1:0: [sdb] 20480 512-byte logical blocks: (10.5 MB/10.0 MiB)
[    1.663121] sd 2:0:1:0: [sdb] Write Protect is off
[    1.664629] sd 2:0:0:0: [sda] Write Protect is off
[    1.666226] sd 2:0:0:0: [sda] Incomplete mode parameter data
[    1.667995] sd 2:0:0:0: [sda] Assuming drive cache: write through
[    1.670073] sd 2:0:1:0: [sdb] Incomplete mode parameter data
[    1.672205] sd 2:0:1:0: [sdb] Assuming drive cache: write through
[    1.675768]  sda: sda1
[    1.677393] sd 2:0:0:0: [sda] Attached SCSI disk
[    1.679099] sd 2:0:1:0: [sdb] Attached SCSI disk
[    2.024181] e1000 0000:00:03.0 eth0: (PCI:33MHz:32-bit) 02:be:82:6b:cc:1d
[    2.026689] e1000 0000:00:03.0 eth0: Intel(R) PRO/1000 Network Connection
[    2.029635] [drm] VRAM 01000000
[    2.031010] [TTM] Zone  kernel: Available graphics memory: 507922 kiB
[    2.032647] [TTM] Initializing pool allocator
[    2.033798] [TTM] Initializing DMA pool allocator
[    2.036368] fbcon: vboxdrmfb (fb0) is primary device
[    2.041701] Console: switching to colour frame buffer device 100x37
[    2.044318] vboxvideo 0000:00:02.0: fb0: vboxdrmfb frame buffer device
[    2.055492] [drm] Initialized vboxvideo 1.0.0 20130823 for 0000:00:02.0 on minor 0
[    2.445179] e1000 0000:00:08.0 eth1: (PCI:33MHz:32-bit) 08:00:27:2a:a9:83
[    2.446657] e1000 0000:00:08.0 eth1: Intel(R) PRO/1000 Network Connection
[    2.449380] e1000 0000:00:03.0 enp0s3: renamed from eth0
[    2.460106] e1000 0000:00:08.0 enp0s8: renamed from eth1
Begin: Loading essential drivers ... [    2.517393] md: linear personality registered for level -1
[    2.522519] md: multipath personality registered for level -4
[    2.526726] md: raid0 personality registered for level 0
[    2.530775] md: raid1 personality registered for level 1
[    2.603563] raid6: sse2x1   gen() 11068 MB/s
[    2.671536] raid6: sse2x1   xor()  8308 MB/s
[    2.739362] raid6: sse2x2   gen() 15593 MB/s
[    2.807428] raid6: sse2x2   xor() 11517 MB/s
[    2.875472] raid6: sse2x4   gen() 16774 MB/s
[    2.943432] raid6: sse2x4   xor() 10608 MB/s
[    3.011463] raid6: avx2x1   gen() 22177 MB/s
[    3.079459] raid6: avx2x2   gen() 27196 MB/s
[    3.147540] raid6: avx2x4   gen() 26820 MB/s
[    3.148627] raid6: using algorithm avx2x2 gen() 27196 MB/s
[    3.149812] raid6: using avx2x2 recovery algorithm
[    3.152756] xor: automatically using best checksumming function:
[    3.195362]    avx       : 31956.000 MB/sec
[    3.197622] async_tx: api initialized (async)
[    3.206963] md: raid6 personality registered for level 6
[    3.208239] md: raid5 personality registered for level 5
[    3.209270] md: raid4 personality registered for level 4
[    3.215280] md: raid10 personality registered for level 10
done.
Begin: Running /scripts/init-premount ... done.
Begin: Mounting root file system ... Begin: Running /scripts/local-top ... done.
Begin: Running /scripts/local-premount ... [    3.243033] Btrfs loaded
Scanning for Btrfs filesystems
done.
Begin: Will now check root file system ... fsck from util-linux 2.27.1
[/sbin/fsck.ext4 (1) -- /dev/sda1] fsck.ext4 -a -C0 /dev/sda1 
cloudimg-rootfs: clean, 65894/5120000 files, 646853/10485499 blocks
done.
[    3.289490] EXT4-fs (sda1): mounted filesystem with ordered data mode. Opts: (null)
done.
Begin: Running /scripts/local-bottom ... done.
Begin: Running /scripts/init-bottom ... done.
[    3.420306] systemd[1]: systemd 229 running in system mode. (+PAM +AUDIT +SELINUX +IMA +APPARMOR +SMACK +SYSVINIT +UTMP +LIBCRYPTSETUP +GCRYPT +GNUTLS +ACL +XZ -LZ4 +SECCOMP +BLKID +ELFUTILS +KMOD -IDN)
[    3.424101] systemd[1]: Detected virtualization oracle.
[    3.425229] systemd[1]: Detected architecture x86-64.

Welcome to [1mUbuntu 16.04.7 LTS[0m!

[    3.429960] systemd[1]: Set hostname to <web01>.
[    3.575841] systemd[1]: Reached target System Time Synchronized.
[[0;32m  OK  [0m] Reached target System Time Synchronized.
[    3.578173] systemd[1]: Listening on LVM2 metadata daemon socket.
[[0;32m  OK  [0m] Listening on LVM2 metadata daemon socket.
[    3.580430] systemd[1]: Listening on Journal Socket (/dev/log).
[[0;32m  OK  [0m] Listening on Journal Socket (/dev/log).
[    3.582717] systemd[1]: Listening on /dev/initctl Compatibility Named Pipe.
[[0;32m  OK  [0m] Listening on /dev/initctl Compatibility Named Pipe.
[    3.585394] systemd[1]: Listening on LVM2 poll daemon socket.
[[0;32m  OK  [0m] Listening on LVM2 poll daemon socket.
[    3.587615] systemd[1]: Listening on Journal Audit Socket.
[[0;32m  OK  [0m] Listening on Journal Audit Socket.
[    3.596006] systemd[1]: Created slice System Slice.
[[0;32m  OK  [0m] Created slice System Slice.
[    3.597998] systemd[1]: Reached target Encrypted Volumes.
[[0;32m  OK  [0m] Reached target Encrypted Volumes.
[    3.599913] systemd[1]: Listening on udev Control Socket.
[[0;32m  OK  [0m] Listening on udev Control Socket.
[    3.607797] systemd[1]: Listening on Journal Socket.
[[0;32m  OK  [0m] Listening on Journal Socket.
[    3.623839] systemd[1]: Mounting POSIX Message Queue File System...
         Mounting POSIX Message Queue File System...
[    3.628961] systemd[1]: Starting Uncomplicated firewall...
         Starting Uncomplicated firewall...
[    3.631319] systemd[1]: Listening on Syslog Socket.
[[0;32m  OK  [0m] Listening on Syslog Socket.
[    3.636048] systemd[1]: Starting Load Kernel Modules...
         Starting Load Kernel Modules...
[    3.659562] systemd[1]: Started Trigger resolvconf update for networkd DNS.
[    3.659804] Loading iSCSI transport class v2.0-870.
[[0;32m  OK  [0m] Started Trigger resolvconf update for networkd DNS.
[    3.663514] systemd[1]: Reached target Swap.
[[0;32m  OK  [0m] Reached target Swap.
[    3.665194] systemd[1]: Reached target User and Group Name Lookups.
[[0;32m  OK  [0m] Reached target User and Group Name Lookups.
[    3.668592] systemd[1]: Mounting Huge Pages File System...
         Mounting Huge Pages File System...
[    3.672599] iscsi: registered transport (tcp)
[    3.674070] systemd[1]: Created slice system-serial\x2dgetty.slice.
[[0;32m  OK  [0m] Created slice system-serial\x2dgetty.slice.
[    3.676949] systemd[1]: Created slice User and Session Slice.
[[0;32m  OK  [0m] Created slice User and Session Slice.
[    3.679282] systemd[1]: Reached target Slices.
[[0;32m  OK  [0m] Reached target Slices.
[    3.682002] systemd[1]: Starting Nameserver information manager...
         Starting Nameserver information manager...
[    3.685123] systemd[1]: Starting Journal Service...
         Starting Journal Service...
[    3.687808] systemd[1]: Listening on udev Kernel Socket.
[[0;32m  OK  [0m] Listening on udev Kernel Socket.
[    3.695674] systemd[1]: Listening on Device-mapper event daemon FIFOs.
[[0;32m  OK  [0m] Listening on Device-mapper event daemon FIFOs.
[    3.700173] systemd[1]: Starting Monitoring of LVM2 mirrors, snapshots etc. using dmeventd or progress polling...
         Starting Monitoring of LVM2 mirrors... dmeventd or progress polling...
[    3.707087] systemd[1]: Listening on fsck to fsckd communication Socket.
[[0;32m  OK  [0m] Listening on fsck to fsckd communication Socket.
[    3.709918] systemd[1]: Started Forward Password Requests to Wall Directory Watch.
[[0;32m  OK  [0m] Started Forward Password Requests to Wall Directory Watch.
[    3.714525] systemd[1]: Starting Remount Root and Kernel File Systems...
         Starting Remount Root and Kernel File Systems...
[    3.718259] systemd[1]: Starting Create list of required static device nodes for the current kernel...
         Starting Create list of required st... nodes for the current kernel...
[    3.722812] systemd[1]: Set up automount Arbitrary Executable File Formats File System Automount Point.
[    3.724818] EXT4-fs (sda1): re-mounted. Opts: (null)
[[0;32m  OK  [0m] Set up automount Arbitrary Executab...ats File System Automount Point.
[    3.730970] systemd[1]: Mounting Debug File System...
         Mounting Debug File System...
[    3.734311] systemd[1]: Starting Set console keymap...
         Starting Set console keymap...
[    3.738024] systemd[1]: Mounted Huge Pages File System.
[[0;32m  OK  [0m] Mounted Huge Pages File System.
[    3.740611] systemd[1]: Mounted POSIX Message Queue File System.
[[0;32m  OK  [0m] Mounted POSIX Message Queue File System.
[    3.743723] systemd[1]: Mounted Debug File System.
[[0;32m  OK  [0m] Mounted Debug File System.
[    3.746101] systemd[1]: Started Journal Service.
[[0;32m  OK  [0m] Started Journal Service.
[[0;32m  OK  [0m] Started Uncomplicated firewall.
[    3.751311] iscsi: registered transport (iser)
[[0;32m  OK  [0m] Started Remount Root and Kernel File Systems.
[[0;32m  OK  [0m] Started Create list of required sta...ce nodes for the current kernel.
[[0;32m  OK  [0m] Started Load Kernel Modules.
[[0;32m  OK  [0m] Started Nameserver information manager.
         Mounting FUSE Control File System...
         Starting Apply Kernel Variables...
[[0;32m  OK  [0m] Started LVM2 metadata daemon.
         Starting Create Static Device Nodes in /dev...
         Starting Load/Save Random Seed...
         Starting udev Coldplug all Devices...
         Starting Flush Journal to Persistent Storage...
[[0;32m  OK  [0m] Mounted FUSE Control File System.
[[0;32m  OK  [0m] Started Load/Save Random Seed.
[[0;32m  OK  [0m] Started Apply Kernel Variables.
[[0;32m  OK  [0m] Started Flush Journal to Persistent Storage.
[[0;32m  OK  [0m] Started Create Static Device Nodes in /dev.
[[0;32m  OK  [0m] Started Set console keymap.
         Starting udev Kernel Device Manager...
[[0;32m  OK  [0m] Started udev Coldplug all Devices.
[[0;32m  OK  [0m] Started udev Kernel Device Manager.
[[0;32m  OK  [0m] Started Dispatch Password Requests to Console Directory Watch.
[[0;32m  OK  [0m] Started Monitoring of LVM2 mirrors,...ng dmeventd or progress polling.
[[0;32m  OK  [0m] Reached target Local File Systems (Pre).
[[0;32m  OK  [0m] Reached target Local File Systems.
         Starting Initial cloud-init job (pre-networking)...
         Starting Create Volatile Files and Directories...
         Starting LSB: AppArmor initialization...
         Starting Tell Plymouth To Write Out Runtime Data...
         Starting Set console font and keymap...
[[0;32m  OK  [0m] Found device /dev/ttyS0.
[[0;32m  OK  [0m] Started Create Volatile Files and Directories.
[[0;32m  OK  [0m] Started Tell Plymouth To Write Out Runtime Data.
         Starting Update UTMP about System Boot/Shutdown...
[[0;32m  OK  [0m] Started Update UTMP about System Boot/Shutdown.
[[0;32m  OK  [0m] Listening on Load/Save RF Kill Switch Status /dev/rfkill Watch.
[[0;32m  OK  [0m] Started LSB: AppArmor initialization.
         Starting Load AppArmor profiles managed internally by snapd...
[[0;32m  OK  [0m] Started Load AppArmor profiles managed internally by snapd.
[[0;32m  OK  [0m] Found device 82540EM Gigabit Ethern...r (PRO/1000 MT Desktop Adapter).
[[0;32m  OK  [0m] Started Set console font and keymap.
[[0;32m  OK  [0m] Created slice system-getty.slice.
[[0;32m  OK  [0m] Found device 82540EM Gigabit Ethern...r (PRO/1000 MT Desktop Adapter).
[    4.764591] cloud-init[503]: Cloud-init v. 21.1-19-gbad84ad4-0ubuntu1~16.04.2 running 'init-local' at Mon, 03 Jan 2022 16:50:53 +0000. Up 4.53 seconds.
[[0;32m  OK  [0m] Started Initial cloud-init job (pre-networking).
[[0;32m  OK  [0m] Reached target Network (Pre).
         Starting Raise network interfaces...
[[0;32m  OK  [0m] Started ifup for enp0s8.
[[0;32m  OK  [0m] Started ifup for enp0s3.
[[0;32m  OK  [0m] Started Raise network interfaces.
[[0;32m  OK  [0m] Reached target Network.
         Starting Initial cloud-init job (metadata service crawler)...
[    5.451914] cloud-init[1078]: Cloud-init v. 21.1-19-gbad84ad4-0ubuntu1~16.04.2 running 'init' at Mon, 03 Jan 2022 16:50:53 +0000. Up 5.23 seconds.
[    5.453927] cloud-init[1078]: ci-info: ++++++++++++++++++++++++++++++++++++++Net device info+++++++++++++++++++++++++++++++++++++++
[    5.456278] cloud-init[1078]: ci-info: +--------+-------+----------------------------+---------------+--------+-------------------+
[    5.458364] cloud-init[1078]: ci-info: | Device |   Up  |          Address           |      Mask     | Scope  |     Hw-Address    |
[    5.460771] cloud-init[1078]: ci-info: +--------+-------+----------------------------+---------------+--------+-------------------+
[    5.463495] cloud-init[1078]: ci-info: | enp0s3 |  True |         10.0.2.15          | 255.255.255.0 | global | 02:be:82:6b:cc:1d |
[    5.465779] cloud-init[1078]: ci-info: | enp0s3 |  True | fe80::be:82ff:fe6b:cc1d/64 |       .       |  link  | 02:be:82:6b:cc:1d |
[    5.468278] cloud-init[1078]: ci-info: | enp0s8 | False |       192.168.57.11        | 255.255.255.0 | global | 08:00:27:2a:a9:83 |
[    5.470650] cloud-init[1078]: ci-info: |   lo   |  True |         127.0.0.1          |   255.0.0.0   |  host  |         .         |
[    5.472865] cloud-init[1078]: ci-info: |   lo   |  True |          ::1/128           |       .       |  host  |         .         |
[    5.475009] cloud-init[1078]: ci-info: +--------+-------+----------------------------+---------------+--------+-------------------+
[    5.477128] cloud-init[1078]: ci-info: ++++++++++++++++++++++++++++Route IPv4 info++++++++++++++++++++++++++++
[    5.479014] cloud-init[1078]: ci-info: +-------+--------------+----------+---------------+-----------+-------+
[    5.481189] cloud-init[1078]: ci-info: | Route | Destination  | Gateway  |    Genmask    | Interface | Flags |
[    5.483582] cloud-init[1078]: ci-info: +-------+--------------+----------+---------------+-----------+-------+
[    5.485582] cloud-init[1078]: ci-info: |   0   |   0.0.0.0    | 10.0.2.2 |    0.0.0.0    |   enp0s3  |   UG  |
[    5.492404] [cloud-init[0;32m  OK  [0m[1078]: ] ci-info: |   1   |   10.0.2.0   | 0.0.0.0  | 255.255.255.0 |   enp0s3  |   U   |Started Initial cloud-init job (metadata service crawler).

[    5.492921] cloud-init[1078]: ci-info: |   2   | 192.168.57.0 | 0.0.0.0  | 255.255.255.0 |   enp0s8  |   U   |
[[0;32m  OK  [0m] Reached target Cloud-config availability.
[[0;32m  OK  [0m] Reached target System Initialization.
[    5.494541] cloud-init[1078]: ci-info: +-------+--------------+----------+---------------+-----------+-------+
[    5.499658] cloud-init[1078]: ci-info: +++++++++++++++++++Route IPv6 info+++++++++++++++++++
[[0;32m  OK  [0m] Started Message of the Day.
[    5.501914] [[0;32m  OK  [0m] Started Daily apt download activities.
cloud-init[1078]: ci-info: +-------+-------------+---------+-----------+-------+
[    5.504455] [[0;32m  OK  [0m] Started ACPI Events Check.
[[0;32m  OK  [0m] Reached target Paths.
[[0;32m  OK  [0m] Listening on D-Bus System Message Bus Socket.
[[0;32m  OK  [0m] Listening on UUID daemon activation socket.
[[0;32m  OK  [0m] Started Ubuntu Advantage update messaging.
[[0;32m  OK  [0m] Listening on ACPID Listen Socket.
[[0;32m  OK  [0m] Started Daily apt upgrade and clean activities.
         Starting Socket activation for snappy daemon.
[[0;32m  OK  [0m] Started Daily Cleanup of Temporary Directories.
[[0;32m  OK  [0m] Reached target Timers.
cloud-init[1078]: ci-info: | Route | Destination | Gateway | Interface | Flags |         Starting LXD - unix socket.
[[0;32m  OK  [0m] Reached target Network is Online.

[    5.514795] cloud-init[1078]: ci-info: +-------+-------------+---------+-----------+-------+
[    5.516525] cloud-init[1078]: ci-info: |   0   |  fe80::/64  |    ::   |   enp0s3  |   U   |
[    5.518162] cloud-init[1078]: ci-info: |   3   |   ff00::/8  |    ::   |   enp0s3  |   U   |
[    5.519728] cloud-init[1078]: ci-info: +-------+-------------+---------+-----------+-------+
         Starting iSCSI initiator daemon (iscsid)...
[[0;32m  OK  [0m] Listening on Socket activation for snappy daemon.
[[0;32m  OK  [0m] Listening on LXD - unix socket.
[[0;32m  OK  [0m] Reached target Sockets.
[[0;32m  OK  [0m] Reached target Basic System.
         Starting Login Service...
         Starting /etc/rc.local Compatibility...
         Starting Message of the Day...
         Starting Accounts Service...
[[0;32m  OK  [0m] Started Deferred execution scheduler.
[[0;32m  OK  [0m] Started Regular background program processing daemon.
[[0;32m  OK  [0m] Started D-Bus System Message Bus.
[[0;32m  OK  [0m] Started FUSE filesystem for LXC.
         Starting System Logging Service...
         Starting Snap Daemon...
         Starting Ubuntu Advantage APT and MOTD Messages...
         Starting A high performance web server and a reverse proxy server...
         Starting LSB: MD monitoring daemon...
         Starting LXD - container startup/shutdown...
[[0;32m  OK  [0m] Started ACPI event daemon.
         Starting vboxadd.service...
         Starting LSB: Record successful boot for GRUB...
         Starting OpenBSD Secure Shell server...
[[0;32m  OK  [0m] Started iSCSI initiator daemon (iscsid).
[[0;32m  OK  [0m] Started /etc/rc.local Compatibility.
[[0;32m  OK  [0m] Started Message of the Day.
         Starting Authenticate and Authorize Users to Run Privileged Tasks...
         Starting Login to default iSCSI targets...
[[0;32m  OK  [0m] Started System Logging Service.
[[0;32m  OK  [0m] Started Login Service.
[[0;32m  OK  [0m] Started Unattended Upgrades Shutdown.
[[0;32m  OK  [0m] Started Login to default iSCSI targets.
[[0;32m  OK  [0m] Reached target Remote File Systems (Pre).
         Mounting /vagrant...
[[0;1;31mFAILED[0m] Failed to mount /vagrant.
See 'systemctl status vagrant.mount' for details.
[[0;1;33mDEPEND[0m] Dependency failed for Remote File Systems.
         Starting Permit User Sessions...
         Starting LSB: automatic crash report generation...
         Starting LSB: Set the CPU Frequency Scaling governor to "ondemand"...
         Starting LSB: daemon to balance interrupts for SMP systems...
[[0;32m  OK  [0m] Started Permit User Sessions.
         Starting Hold until boot process finishes up...
         Starting Terminate Plymouth Boot Screen...
[[0;32m  OK  [0m] Started Hold until boot process finishes up.
[[0;32m  OK  [0m] Started Getty on tty1.
[[0;32m  OK  [0m] Started Serial Getty on ttyS0.
[[0;32m  OK  [0m] Reached target Login Prompts.
         Starting Set console scheme...
[[0;32m  OK  [0m] Started Terminate Plymouth Boot Screen.
[[0;32m  OK  [0m] Started LSB: MD monitoring daemon.
[[0;32m  OK  [0m] Started LSB: Record successful boot for GRUB.
[[0;32m  OK  [0m] Started Set console scheme.
[[0;32m  OK  [0m] Started Authenticate and Authorize Users to Run Privileged Tasks.
[[0;32m  OK  [0m] Started Accounts Service.
[[0;32m  OK  [0m] Started LSB: Set the CPU Frequency Scaling governor to "ondemand".
[[0;32m  OK  [0m] Started OpenBSD Secure Shell server.
[[0;32m  OK  [0m] Started LSB: daemon to balance interrupts for SMP systems.
[[0;32m  OK  [0m] Started LSB: automatic crash report generation.
[[0;32m  OK  [0m] Started LXD - container startup/shutdown.
[[0;32m  OK  [0m] Started A high performance web server and a reverse proxy server.
[[0;32m  OK  [0m] Started Snap Daemon.
         Starting Wait until snapd is fully seeded...
[[0;32m  OK  [0m] Started Wait until snapd is fully seeded.
         Starting Apply the settings specified in cloud-config...
[[0;32m  OK  [0m] Started Ubuntu Advantage APT and MOTD Messages.
[    6.691287] cloud-init[1348]: Cloud-init v. 21.1-19-gbad84ad4-0ubuntu1~16.04.2 running 'modules:config' at Mon, 03 Jan 2022 16:50:55 +0000. Up 6.59 seconds.
[[0;32m  OK  [0m] Started Apply the settings specified in cloud-config.
[[0;32m  OK  [0m] Started vboxadd.service.
         Starting vboxadd-service.service...
[[0;32m  OK  [0m] Started vboxadd-service.service.
[[0;32m  OK  [0m] Reached target Multi-User System.
         Starting Execute cloud user/final scripts...
[[0;32m  OK  [0m] Reached target Graphical Interface.
         Starting Update UTMP about System Runlevel Changes...
[[0;32m  OK  [0m] Started Update UTMP about System Runlevel Changes.
[    7.292697] cloud-init[1438]: Cloud-init v. 21.1-19-gbad84ad4-0ubuntu1~16.04.2 running 'modules:final' at Mon, 03 Jan 2022 16:50:55 +0000. Up 7.19 seconds.
[    7.295297] cloud-init[1438]: Cloud-init v. 21.1-19-gbad84ad4-0ubuntu1~16.04.2 finished at Mon, 03 Jan 2022 16:50:55 +0000. Datasource DataSourceNoCloud [seed=/dev/sdb][dsmode=net].  Up 7.28 seconds
[[0;32m  OK  [0m] Started Execute cloud user/final scripts.
[[0;32m  OK  [0m] Reached target Cloud-init target.
         Starting Daily apt download activities...

Ubuntu 16.04.7 LTS web01 ttyS0

web01 login: 