[    0.000000] Linux version 4.15.0-163-generic (buildd@lcy01-amd64-021) (gcc version 7.5.0 (Ubuntu 7.5.0-3ubuntu1~18.04)) #171-Ubuntu SMP Fri Nov 5 11:55:11 UTC 2021 (Ubuntu 4.15.0-163.171-generic 4.15.18)
[    0.000000] Command line: BOOT_IMAGE=/boot/vmlinuz-4.15.0-163-generic root=LABEL=cloudimg-rootfs ro console=tty1 console=ttyS0
[    0.000000] KERNEL supported cpus:
[    0.000000]   Intel GenuineIntel
[    0.000000]   AMD AuthenticAMD
[    0.000000]   Centaur CentaurHauls
[    0.000000] x86/fpu: Supporting XSAVE feature 0x001: 'x87 floating point registers'
[    0.000000] x86/fpu: Supporting XSAVE feature 0x002: 'SSE registers'
[    0.000000] x86/fpu: Supporting XSAVE feature 0x004: 'AVX registers'
[    0.000000] x86/fpu: xstate_offset[2]:  576, xstate_sizes[2]:  256
[    0.000000] x86/fpu: Enabled xstate features 0x7, context size is 832 bytes, using 'standard' format.
[    0.000000] e820: BIOS-provided physical RAM map:
[    0.000000] BIOS-e820: [mem 0x0000000000000000-0x000000000009fbff] usable
[    0.000000] BIOS-e820: [mem 0x000000000009fc00-0x000000000009ffff] reserved
[    0.000000] BIOS-e820: [mem 0x00000000000f0000-0x00000000000fffff] reserved
[    0.000000] BIOS-e820: [mem 0x0000000000100000-0x00000000403effff] usable
[    0.000000] BIOS-e820: [mem 0x00000000403f0000-0x00000000403fffff] ACPI data
[    0.000000] BIOS-e820: [mem 0x00000000fec00000-0x00000000fec00fff] reserved
[    0.000000] BIOS-e820: [mem 0x00000000fee00000-0x00000000fee00fff] reserved
[    0.000000] BIOS-e820: [mem 0x00000000fffc0000-0x00000000ffffffff] reserved
[    0.000000] NX (Execute Disable) protection: active
[    0.000000] SMBIOS 2.5 present.
[    0.000000] DMI: innotek GmbH VirtualBox/VirtualBox, BIOS VirtualBox 12/01/2006
[    0.000000] Hypervisor detected: KVM
[    0.000000] e820: last_pfn = 0x403f0 max_arch_pfn = 0x400000000
[    0.000000] MTRR: Disabled
[    0.000000] x86/PAT: MTRRs disabled, skipping PAT initialization too.
[    0.000000] CPU MTRRs all blank - virtualized system.
[    0.000000] x86/PAT: Configuration [0-7]: WB  WT  UC- UC  WB  WT  UC- UC  
[    0.000000] found SMP MP-table at [mem 0x0009fff0-0x0009ffff]
[    0.000000] Scanning 1 areas for low memory corruption
[    0.000000] RAMDISK: [mem 0x359c7000-0x36cdafff]
[    0.000000] ACPI: Early table checksum verification disabled
[    0.000000] ACPI: RSDP 0x00000000000E0000 000024 (v02 VBOX  )
[    0.000000] ACPI: XSDT 0x00000000403F0030 00003C (v01 VBOX   VBOXXSDT 00000001 ASL  00000061)
[    0.000000] ACPI: FACP 0x00000000403F00F0 0000F4 (v04 VBOX   VBOXFACP 00000001 ASL  00000061)
[    0.000000] ACPI: DSDT 0x00000000403F0470 002325 (v02 VBOX   VBOXBIOS 00000002 INTL 20120111)
[    0.000000] ACPI: FACS 0x00000000403F0200 000040
[    0.000000] ACPI: FACS 0x00000000403F0200 000040
[    0.000000] ACPI: APIC 0x00000000403F0240 00005C (v02 VBOX   VBOXAPIC 00000001 ASL  00000061)
[    0.000000] ACPI: SSDT 0x00000000403F02A0 0001CC (v01 VBOX   VBOXCPUT 00000002 INTL 20120111)
[    0.000000] ACPI: Reserving FACP table memory at [mem 0x403f00f0-0x403f01e3]
[    0.000000] ACPI: Reserving DSDT table memory at [mem 0x403f0470-0x403f2794]
[    0.000000] ACPI: Reserving FACS table memory at [mem 0x403f0200-0x403f023f]
[    0.000000] ACPI: Reserving FACS table memory at [mem 0x403f0200-0x403f023f]
[    0.000000] ACPI: Reserving APIC table memory at [mem 0x403f0240-0x403f029b]
[    0.000000] ACPI: Reserving SSDT table memory at [mem 0x403f02a0-0x403f046b]
[    0.000000] No NUMA configuration found
[    0.000000] Faking a node at [mem 0x0000000000000000-0x00000000403effff]
[    0.000000] NODE_DATA(0) allocated [mem 0x403c5000-0x403effff]
[    0.000000] kvm-clock: cpu 0, msr 0:40344001, primary cpu clock
[    0.000000] kvm-clock: Using msrs 4b564d01 and 4b564d00
[    0.000000] kvm-clock: using sched offset of 4469962359 cycles
[    0.000000] clocksource: kvm-clock: mask: 0xffffffffffffffff max_cycles: 0x1cd42e4dffb, max_idle_ns: 881590591483 ns
[    0.000000] Section 7 and 8 (node 0) have a circular dependency on usemap and pgdat allocations
[    0.000000] Zone ranges:
[    0.000000]   DMA      [mem 0x0000000000001000-0x0000000000ffffff]
[    0.000000]   DMA32    [mem 0x0000000001000000-0x00000000403effff]
[    0.000000]   Normal   empty
[    0.000000]   Device   empty
[    0.000000] Movable zone start for each node
[    0.000000] Early memory node ranges
[    0.000000]   node   0: [mem 0x0000000000001000-0x000000000009efff]
[    0.000000]   node   0: [mem 0x0000000000100000-0x00000000403effff]
[    0.000000] Reserved but unavailable: 104 pages
[    0.000000] Initmem setup node 0 [mem 0x0000000000001000-0x00000000403effff]
[    0.000000] ACPI: PM-Timer IO Port: 0x4008
[    0.000000] IOAPIC[0]: apic_id 2, version 32, address 0xfec00000, GSI 0-23
[    0.000000] ACPI: INT_SRC_OVR (bus 0 bus_irq 0 global_irq 2 dfl dfl)
[    0.000000] ACPI: INT_SRC_OVR (bus 0 bus_irq 9 global_irq 9 low level)
[    0.000000] Using ACPI (MADT) for SMP configuration information
[    0.000000] smpboot: Allowing 2 CPUs, 0 hotplug CPUs
[    0.000000] PM: Registered nosave memory: [mem 0x00000000-0x00000fff]
[    0.000000] PM: Registered nosave memory: [mem 0x0009f000-0x0009ffff]
[    0.000000] PM: Registered nosave memory: [mem 0x000a0000-0x000effff]
[    0.000000] PM: Registered nosave memory: [mem 0x000f0000-0x000fffff]
[    0.000000] e820: [mem 0x40400000-0xfebfffff] available for PCI devices
[    0.000000] Booting paravirtualized kernel on KVM
[    0.000000] clocksource: refined-jiffies: mask: 0xffffffff max_cycles: 0xffffffff, max_idle_ns: 7645519600211568 ns
[    0.000000] random: get_random_bytes called from start_kernel+0x99/0x500 with crng_init=0
[    0.000000] setup_percpu: NR_CPUS:8192 nr_cpumask_bits:2 nr_cpu_ids:2 nr_node_ids:1
[    0.000000] percpu: Embedded 45 pages/cpu s147456 r8192 d28672 u1048576
[    0.000000] PV qspinlock hash table entries: 256 (order: 0, 4096 bytes)
[    0.000000] Built 1 zonelists, mobility grouping on.  Total pages: 258921
[    0.000000] Policy zone: DMA32
[    0.000000] Kernel command line: BOOT_IMAGE=/boot/vmlinuz-4.15.0-163-generic root=LABEL=cloudimg-rootfs ro console=tty1 console=ttyS0
[    0.000000] Memory: 984748K/1052216K available (12300K kernel code, 2483K rwdata, 4320K rodata, 2448K init, 2724K bss, 67468K reserved, 0K cma-reserved)
[    0.000000] SLUB: HWalign=64, Order=0-3, MinObjects=0, CPUs=2, Nodes=1
[    0.000000] Kernel/User page tables isolation: enabled
[    0.000000] ftrace: allocating 39476 entries in 155 pages
[    0.004000] Hierarchical RCU implementation.
[    0.004000] 	RCU restricting CPUs from NR_CPUS=8192 to nr_cpu_ids=2.
[    0.004000] 	Tasks RCU enabled.
[    0.004000] RCU: Adjusting geometry for rcu_fanout_leaf=16, nr_cpu_ids=2
[    0.004000] NR_IRQS: 524544, nr_irqs: 440, preallocated irqs: 16
[    0.004000] Console: colour VGA+ 80x25
[    0.004000] console [tty1] enabled
[    0.004000] console [ttyS0] enabled
[    0.004000] ACPI: Core revision 20170831
[    0.004000] ACPI: 2 ACPI AML tables successfully acquired and loaded
[    0.004000] APIC: Switch to symmetric I/O mode setup
[    0.004000] x2apic enabled
[    0.004000] Switched APIC routing to physical x2apic.
[    0.004000] ..TIMER: vector=0x30 apic1=0 pin1=2 apic2=-1 pin2=-1
[    0.004004] tsc: Detected 1996.800 MHz processor
[    0.004943] Calibrating delay loop (skipped) preset value.. 3993.60 BogoMIPS (lpj=7987200)
[    0.008006] pid_max: default: 32768 minimum: 301
[    0.009244] Security Framework initialized
[    0.010233] Yama: becoming mindful.
[    0.011179] AppArmor: AppArmor initialized
[    0.013940] Dentry cache hash table entries: 131072 (order: 8, 1048576 bytes)
[    0.015386] Inode-cache hash table entries: 65536 (order: 7, 524288 bytes)
[    0.016051] Mount-cache hash table entries: 2048 (order: 2, 16384 bytes)
[    0.018129] Mountpoint-cache hash table entries: 2048 (order: 2, 16384 bytes)
[    0.020255] Last level iTLB entries: 4KB 0, 2MB 0, 4MB 0
[    0.021350] Last level dTLB entries: 4KB 0, 2MB 0, 4MB 0, 1GB 0
[    0.022511] Spectre V1 : Mitigation: usercopy/swapgs barriers and __user pointer sanitization
[    0.024003] Spectre V2 : Mitigation: Full generic retpoline
[    0.025280] Spectre V2 : Spectre v2 / SpectreRSB mitigation: Filling RSB on context switch
[    0.028003] Speculative Store Bypass: Vulnerable
[    0.028970] MDS: Mitigation: Clear CPU buffers
[    0.030049] Freeing SMP alternatives memory: 36K
[    0.142130] smpboot: CPU0: Intel(R) Core(TM) i5-1038NG7 CPU @ 2.00GHz (family: 0x6, model: 0x7e, stepping: 0x5)
[    0.144000] Performance Events: unsupported p6 CPU model 126 no PMU driver, software events only.
[    0.144039] Hierarchical SRCU implementation.
[    0.145684] NMI watchdog: Perf event create on CPU 0 failed with -2
[    0.148007] NMI watchdog: Perf NMI watchdog permanently disabled
[    0.152207] smp: Bringing up secondary CPUs ...
[    0.153255] x86: Booting SMP configuration:
[    0.154112] .... node  #0, CPUs:      #1
[    0.004000] kvm-clock: cpu 1, msr 0:40344041, secondary cpu clock
[    0.158222] smp: Brought up 1 node, 2 CPUs
[    0.158222] smpboot: Max logical packages: 1
[    0.160010] smpboot: Total of 2 processors activated (7987.20 BogoMIPS)
[    0.161507] devtmpfs: initialized
[    0.161507] x86/mm: Memory block size: 128MB
[    0.164022] evm: security.selinux
[    0.165445] evm: security.SMACK64
[    0.166186] evm: security.SMACK64EXEC
[    0.167439] evm: security.SMACK64TRANSMUTE
[    0.168008] evm: security.SMACK64MMAP
[    0.168753] evm: security.apparmor
[    0.169468] evm: security.ima
[    0.170129] evm: security.capability
[    0.170941] clocksource: jiffies: mask: 0xffffffff max_cycles: 0xffffffff, max_idle_ns: 7645041785100000 ns
[    0.172013] futex hash table entries: 512 (order: 3, 32768 bytes)
[    0.173487] pinctrl core: initialized pinctrl subsystem
[    0.178196] RTC time: 10:39:56, date: 01/03/22
[    0.179243] NET: Registered protocol family 16
[    0.180073] audit: initializing netlink subsys (disabled)
[    0.181405] audit: type=2000 audit(1641206403.079:1): state=initialized audit_enabled=0 res=1
[    0.184021] cpuidle: using governor ladder
[    0.184924] cpuidle: using governor menu
[    0.185779] ACPI: bus type PCI registered
[    0.186606] acpiphp: ACPI Hot Plug PCI Controller Driver version: 0.5
[    0.187967] PCI: Using configuration type 1 for base access
[    0.188848] HugeTLB registered 2.00 MiB page size, pre-allocated 0 pages
[    0.192135] ACPI: Added _OSI(Module Device)
[    0.193173] ACPI: Added _OSI(Processor Device)
[    0.194177] ACPI: Added _OSI(3.0 _SCP Extensions)
[    0.195149] ACPI: Added _OSI(Processor Aggregator Device)
[    0.196012] ACPI: Added _OSI(Linux-Dell-Video)
[    0.196981] ACPI: Added _OSI(Linux-Lenovo-NV-HDMI-Audio)
[    0.198243] ACPI: Added _OSI(Linux-HPI-Hybrid-Graphics)
[    0.200681] ACPI: Executed 1 blocks of module-level executable AML code
[    0.206406] ACPI: Interpreter enabled
[    0.207229] ACPI: (supports S0 S5)
[    0.208000] ACPI: Using IOAPIC for interrupt routing
[    0.208350] PCI: Using host bridge windows from ACPI; if necessary, use "pci=nocrs" and report a bug
[    0.210754] ACPI: Enabled 2 GPEs in block 00 to 07
[    0.219987] ACPI: PCI Root Bridge [PCI0] (domain 0000 [bus 00-ff])
[    0.220012] acpi PNP0A03:00: _OSC: OS supports [ASPM ClockPM Segments MSI]
[    0.221872] acpi PNP0A03:00: _OSC: not requesting OS control; OS requires [ExtendedConfig ASPM ClockPM MSI]
[    0.224043] acpi PNP0A03:00: fail to add MMCONFIG information, can't access extended PCI configuration space under this bridge.
[    0.228461] PCI host bridge to bus 0000:00
[    0.229348] pci_bus 0000:00: root bus resource [io  0x0000-0x0cf7 window]
[    0.230845] pci_bus 0000:00: root bus resource [io  0x0d00-0xffff window]
[    0.232009] pci_bus 0000:00: root bus resource [mem 0x000a0000-0x000bffff window]
[    0.234287] pci_bus 0000:00: root bus resource [mem 0x40400000-0xfdffffff window]
[    0.236006] pci_bus 0000:00: root bus resource [bus 00-ff]
[    0.240579] pci 0000:00:01.1: legacy IDE quirk: reg 0x10: [io  0x01f0-0x01f7]
[    0.242257] pci 0000:00:01.1: legacy IDE quirk: reg 0x14: [io  0x03f6]
[    0.243836] pci 0000:00:01.1: legacy IDE quirk: reg 0x18: [io  0x0170-0x0177]
[    0.244005] pci 0000:00:01.1: legacy IDE quirk: reg 0x1c: [io  0x0376]
[    0.262277] pci 0000:00:07.0: quirk: [io  0x4000-0x403f] claimed by PIIX4 ACPI
[    0.263966] pci 0000:00:07.0: quirk: [io  0x4100-0x410f] claimed by PIIX4 SMB
[    0.276690] ACPI: PCI Interrupt Link [LNKA] (IRQs 5 9 10 *11)
[    0.278386] ACPI: PCI Interrupt Link [LNKB] (IRQs 5 9 *10 11)
[    0.279622] ACPI: PCI Interrupt Link [LNKC] (IRQs 5 *9 10 11)
[    0.280110] ACPI: PCI Interrupt Link [LNKD] (IRQs 5 9 10 *11)
[    0.281978] SCSI subsystem initialized
[    0.282887] pci 0000:00:02.0: vgaarb: setting as boot VGA device
[    0.282887] pci 0000:00:02.0: vgaarb: VGA device added: decodes=io+mem,owns=io+mem,locks=none
[    0.284015] pci 0000:00:02.0: vgaarb: bridge control possible
[    0.288021] vgaarb: loaded
[    0.288641] ACPI: bus type USB registered
[    0.289486] usbcore: registered new interface driver usbfs
[    0.290644] usbcore: registered new interface driver hub
[    0.292014] usbcore: registered new device driver usb
[    0.293464] EDAC MC: Ver: 3.0.0
[    0.293464] PCI: Using ACPI for IRQ routing
[    0.296224] NetLabel: Initializing
[    0.296963] NetLabel:  domain hash size = 128
[    0.297865] NetLabel:  protocols = UNLABELED CIPSOv4 CALIPSO
[    0.299082] NetLabel:  unlabeled traffic allowed by default
[    0.300154] clocksource: Switched to clocksource kvm-clock
[    0.316593] VFS: Disk quotas dquot_6.6.0
[    0.317808] VFS: Dquot-cache hash table entries: 512 (order 0, 4096 bytes)
[    0.319366] AppArmor: AppArmor Filesystem Enabled
[    0.320552] pnp: PnP ACPI init
[    0.322808] pnp: PnP ACPI: found 3 devices
[    0.331825] clocksource: acpi_pm: mask: 0xffffff max_cycles: 0xffffff, max_idle_ns: 2085701024 ns
[    0.334706] NET: Registered protocol family 2
[    0.335758] IP idents hash table entries: 16384 (order: 5, 131072 bytes)
[    0.338790] TCP established hash table entries: 8192 (order: 4, 65536 bytes)
[    0.340318] TCP bind hash table entries: 8192 (order: 5, 131072 bytes)
[    0.342465] TCP: Hash tables configured (established 8192 bind 8192)
[    0.344014] UDP hash table entries: 512 (order: 2, 16384 bytes)
[    0.345330] UDP-Lite hash table entries: 512 (order: 2, 16384 bytes)
[    0.346607] NET: Registered protocol family 1
[    0.347528] pci 0000:00:00.0: Limiting direct PCI/PCI transfers
[    0.349037] pci 0000:00:01.0: Activating ISA DMA hang workarounds
[    0.351470] pci 0000:00:02.0: Video device with shadowed ROM at [mem 0x000c0000-0x000dffff]
[    0.354072] Unpacking initramfs...
[    0.705427] Freeing initrd memory: 19536K
[    0.706627] clocksource: tsc: mask: 0xffffffffffffffff max_cycles: 0x3990bec8342, max_idle_ns: 881590769617 ns
[    0.709624] platform rtc_cmos: registered platform RTC device (no PNP device found)
[    0.711327] Scanning for low memory corruption every 60 seconds
[    0.713088] Initialise system trusted keyrings
[    0.714219] Key type blacklist registered
[    0.715287] workingset: timestamp_bits=36 max_order=18 bucket_order=0
[    0.717921] zbud: loaded
[    0.719276] squashfs: version 4.0 (2009/01/31) Phillip Lougher
[    0.720607] fuse init (API version 7.26)
[    0.722779] Key type asymmetric registered
[    0.723661] Asymmetric key parser 'x509' registered
[    0.724896] Block layer SCSI generic (bsg) driver version 0.4 loaded (major 246)
[    0.726898] io scheduler noop registered
[    0.727782] io scheduler deadline registered
[    0.728714] io scheduler cfq registered (default)
[    0.730310] ACPI: AC Adapter [AC] (off-line)
[    0.731425] input: Power Button as /devices/LNXSYSTM:00/LNXPWRBN:00/input/input0
[    0.733158] ACPI: Power Button [PWRF]
[    0.734219] input: Sleep Button as /devices/LNXSYSTM:00/LNXSLPBN:00/input/input1
[    0.735819] ACPI: Sleep Button [SLPF]
[    0.738091] ACPI: Battery Slot [BAT0] (battery present)
[    0.739339] Serial: 8250/16550 driver, 32 ports, IRQ sharing enabled
[    0.762631] 00:02: ttyS0 at I/O 0x3f8 (irq = 4, base_baud = 115200) is a 16550A
[    0.766095] Linux agpgart interface v0.103
[    0.768466] loop: module loaded
[    0.769780] scsi host0: ata_piix
[    0.770549] scsi host1: ata_piix
[    0.771235] ata1: PATA max UDMA/33 cmd 0x1f0 ctl 0x3f6 bmdma 0xd000 irq 14
[    0.772649] ata2: PATA max UDMA/33 cmd 0x170 ctl 0x376 bmdma 0xd008 irq 15
[    0.774090] libphy: Fixed MDIO Bus: probed
[    0.775096] tun: Universal TUN/TAP device driver, 1.6
[    0.777000] PPP generic driver version 2.4.2
[    0.778083] ehci_hcd: USB 2.0 'Enhanced' Host Controller (EHCI) Driver
[    0.779365] ehci-pci: EHCI PCI platform driver
[    0.780298] ehci-platform: EHCI generic platform driver
[    0.781637] ohci_hcd: USB 1.1 'Open' Host Controller (OHCI) Driver
[    0.783035] ohci-pci: OHCI PCI platform driver
[    0.784827] ohci-platform: OHCI generic platform driver
[    0.786261] uhci_hcd: USB Universal Host Controller Interface driver
[    0.787654] i8042: PNP: PS/2 Controller [PNP0303:PS2K,PNP0f03:PS2M] at 0x60,0x64 irq 1,12
[    0.790329] serio: i8042 KBD port at 0x60,0x64 irq 1
[    0.791866] serio: i8042 AUX port at 0x60,0x64 irq 12
[    0.793311] mousedev: PS/2 mouse device common for all mice
[    0.795031] input: AT Translated Set 2 keyboard as /devices/platform/i8042/serio0/input/input2
[    0.797254] rtc_cmos rtc_cmos: rtc core: registered rtc_cmos as rtc0
[    0.798748] rtc_cmos rtc_cmos: alarms up to one day, 114 bytes nvram
[    0.800119] i2c /dev entries driver
[    0.801068] device-mapper: uevent: version 1.0.3
[    0.802251] device-mapper: ioctl: 4.37.0-ioctl (2017-09-20) initialised: dm-devel@redhat.com
[    0.804082] ledtrig-cpu: registered to indicate activity on CPUs
[    0.805579] NET: Registered protocol family 10
[    0.810422] Segment Routing with IPv6
[    0.811294] NET: Registered protocol family 17
[    0.812309] Key type dns_resolver registered
[    0.813356] mce: Using 0 MCE banks
[    0.814212] RAS: Correctable Errors collector initialized.
[    0.815459] sched_clock: Marking stable (813334679, 0)->(1013753176, -200418497)
[    0.817638] registered taskstats version 1
[    0.818568] Loading compiled-in X.509 certificates
[    0.821711] Loaded X.509 cert 'Build time autogenerated kernel key: f60a4c8d126e94dbf36c5faa43fb49029eeea9a9'
[    0.824134] Loaded X.509 cert 'Canonical Ltd. Live Patch Signing: 14df34d1a87cf37625abec039ef2bf521249b969'
[    0.827277] Loaded X.509 cert 'Canonical Ltd. Kernel Module Signing: 88f752e560a1e0737e31163a466ad7b70a850c19'
[    0.829344] zswap: loaded using pool lzo/zbud
[    0.834645] Key type big_key registered
[    0.835647] Key type trusted registered
[    0.837916] Key type encrypted registered
[    0.838772] AppArmor: AppArmor sha1 policy hashing enabled
[    0.839865] ima: No TPM chip found, activating TPM-bypass! (rc=-19)
[    0.841213] ima: Allocated hash algorithm: sha1
[    0.842532] evm: HMAC attrs: 0x1
[    0.843812]   Magic number: 6:385:678
[    0.844778] rtc_cmos rtc_cmos: setting system clock to 2022-01-03 10:39:57 UTC (1641206397)
[    0.846641] BIOS EDD facility v0.16 2004-Jun-25, 0 devices found
[    0.847990] EDD information not available.
[    0.961358] Freeing unused kernel image memory: 2448K
[    1.156140] Write protecting the kernel read-only data: 20480k
[    1.158001] Freeing unused kernel image memory: 2008K
[    1.159731] Freeing unused kernel image memory: 1824K
[    1.165620] x86/mm: Checked W+X mappings: passed, no W+X pages found.
[    1.167274] x86/mm: Checking user space page tables
[    1.172678] x86/mm: Checked W+X mappings: passed, no W+X pages found.
Loading, please wait...
starting version 237
[    1.238250] e1000: Intel(R) PRO/1000 Network Driver - version 7.3.21-k8-NAPI
[    1.240303] e1000: Copyright (c) 1999-2006 Intel Corporation.
[    1.246784] Fusion MPT base driver 3.04.20
[    1.248054] Copyright (c) 1999-2008 LSI Corporation
[    1.258349] Fusion MPT SPI Host driver 3.04.20
[    1.264434] AVX2 version of gcm_enc/dec engaged.
[    1.266069] AES CTR mode by8 optimization enabled
[    1.449928] input: ImExPS/2 Generic Explorer Mouse as /devices/platform/i8042/serio1/input/input4
[    1.681845] e1000 0000:00:03.0 eth0: (PCI:33MHz:32-bit) 02:29:e0:c3:be:94
[    1.683272] e1000 0000:00:03.0 eth0: Intel(R) PRO/1000 Network Connection
[    1.685839] mptbase: ioc0: Initiating bringup
[    1.788329] ioc0: LSI53C1030 A0: Capabilities={Initiator}
[    2.031309] scsi host2: ioc0: LSI53C1030 A0, FwRev=00000000h, Ports=1, MaxQ=256, IRQ=20
[    2.200983] scsi 2:0:0:0: Direct-Access     VBOX     HARDDISK         1.0  PQ: 0 ANSI: 5
[    2.232597] scsi target2:0:0: Beginning Domain Validation
[    2.237642] scsi target2:0:0: Domain Validation skipping write tests
[    2.239676] scsi target2:0:0: Ending Domain Validation
[    2.252165] scsi target2:0:0: asynchronous
[    2.277848] scsi 2:0:1:0: Direct-Access     VBOX     HARDDISK         1.0  PQ: 0 ANSI: 5
[    2.592630] scsi target2:0:1: Beginning Domain Validation
[    2.594964] random: fast init done
[    2.596241] scsi target2:0:1: Domain Validation skipping write tests
[    2.597491] scsi target2:0:1: Ending Domain Validation
[    2.598938] scsi target2:0:1: asynchronous
[    2.603694] random: systemd-udevd: uninitialized urandom read (16 bytes read)
[    2.605289] random: systemd-udevd: uninitialized urandom read (16 bytes read)
[    2.605291] sd 2:0:0:0: Attached scsi generic sg0 type 0
[    2.606734] random: systemd-udevd: uninitialized urandom read (16 bytes read)
[    2.610775] sd 2:0:0:0: [sda] 83886080 512-byte logical blocks: (42.9 GB/40.0 GiB)
[    2.612937] sd 2:0:0:0: [sda] Write Protect is off
[    2.614202] sd 2:0:1:0: Attached scsi generic sg1 type 0
[    2.615275] sd 2:0:0:0: [sda] Incomplete mode parameter data
[    2.616166] sd 2:0:1:0: [sdb] 20480 512-byte logical blocks: (10.5 MB/10.0 MiB)
[    2.616405] sd 2:0:0:0: [sda] Assuming drive cache: write through
[    2.618360] sd 2:0:1:0: [sdb] Write Protect is off
[    2.624622] sd 2:0:1:0: [sdb] Incomplete mode parameter data
[    2.626666] sd 2:0:1:0: [sdb] Assuming drive cache: write through
[    2.630252]  sda: sda1
[    2.632134] sd 2:0:0:0: [sda] Attached SCSI disk
[    2.633761] sd 2:0:1:0: [sdb] Attached SCSI disk
[    2.636774] e1000 0000:00:08.0 eth1: (PCI:33MHz:32-bit) 08:00:27:34:4b:c5
[    2.638171] e1000 0000:00:08.0 eth1: Intel(R) PRO/1000 Network Connection
[    2.640639] e1000 0000:00:03.0 enp0s3: renamed from eth0
[    2.657394] e1000 0000:00:08.0 enp0s8: renamed from eth1
Begin: Loading essential drivers ... [    4.104414] raid6: sse2x1   gen() 12209 MB/s
[    4.152054] raid6: sse2x1   xor()  7535 MB/s
[    4.200125] raid6: sse2x2   gen() 15393 MB/s
[    4.248077] raid6: sse2x2   xor() 10550 MB/s
[    4.296046] raid6: sse2x4   gen() 14423 MB/s
[    4.344021] raid6: sse2x4   xor()  8826 MB/s
[    4.392068] raid6: avx2x1   gen() 23723 MB/s
[    4.440076] raid6: avx2x1   xor() 14832 MB/s
[    4.488117] raid6: avx2x2   gen() 31303 MB/s
[    4.536031] raid6: avx2x2   xor() 20204 MB/s
[    4.584055] raid6: avx2x4   gen() 28650 MB/s
[    4.632106] raid6: avx2x4   xor() 15578 MB/s
[    4.633836] raid6: using algorithm avx2x2 gen() 31303 MB/s
[    4.635699] raid6: .... xor() 20204 MB/s, rmw enabled
[    4.636884] raid6: using avx2x2 recovery algorithm
[    4.639205] xor: automatically using best checksumming function   avx       
[    4.642086] async_tx: api initialized (async)
done.
Begin: Running /scripts/init-premount ... done.
Begin: Mounting root file system ... Begin: Running /scripts/local-top ... done.
Begin: Running /scripts/local-premount ... [    4.690675] Btrfs loaded, crc32c=crc32c-intel
Scanning for Btrfs filesystems
done.
Warning: fsck not present, so skipping root file system
[    4.720568] EXT4-fs (sda1): mounted filesystem with ordered data mode. Opts: (null)
done.
Begin: Running /scripts/local-bottom ... done.
Begin: Running /scripts/init-bottom ... done.
[    4.907661] ip_tables: (C) 2000-2006 Netfilter Core Team
[    4.920295] systemd[1]: systemd 237 running in system mode. (+PAM +AUDIT +SELINUX +IMA +APPARMOR +SMACK +SYSVINIT +UTMP +LIBCRYPTSETUP +GCRYPT +GNUTLS +ACL +XZ +LZ4 +SECCOMP +BLKID +ELFUTILS +KMOD -IDN2 +IDN -PCRE2 default-hierarchy=hybrid)
[    4.925210] systemd[1]: Detected virtualization oracle.
[    4.926585] systemd[1]: Detected architecture x86-64.

Welcome to [1mUbuntu 18.04.6 LTS[0m!

[    4.935080] systemd[1]: Set hostname to <ubuntu>.
[    4.939828] systemd[1]: Initializing machine ID from random generator.
[    4.941395] systemd[1]: Installed transient /etc/machine-id file.
[    5.240263] systemd[1]: Reached target System Time Synchronized.
[[0;32m  OK  [0m] Reached target System Time Synchronized.
[    5.243694] systemd[1]: Started Forward Password Requests to Wall Directory Watch.
[[0;32m  OK  [0m] Started Forward Password Requests to Wall Directory Watch.
[    5.246920] systemd[1]: Set up automount Arbitrary Executable File Formats File System Automount Point.
[[0;32m  OK  [0m] Set up automount Arbitrary Executab…rmats File System Automount Point.
[    5.252998] systemd[1]: Created slice User and Session Slice.
[[0;32m  OK  [0m] Created slice User and Session Slice.
[[0;32m  OK  [0m] Created slice System Slice.
[[0;32m  OK  [0m] Reached target Slices.
[[0;32m  OK  [0m] Listening on Device-mapper event daemon FIFOs.
[[0;32m  OK  [0m] Listening on Network Service Netlink Socket.
[[0;32m  OK  [0m] Listening on LVM2 poll daemon socket.
[[0;32m  OK  [0m] Listening on udev Kernel Socket.
[[0;32m  OK  [0m] Listening on fsck to fsckd communication Socket.
[[0;32m  OK  [0m] Listening on Journal Socket.
         Mounting POSIX Message Queue File System...
         Starting Set the console keyboard layout...
         Starting File System Check on Root Device...
[[0;32m  OK  [0m] Listening on Journal Audit Socket.
         Starting Create list of required st…ce nodes for the current kernel...
[[0;32m  OK  [0m] Reached target User and Group Name Lookups.
[[0;32m  OK  [0m] Listening on LVM2 metadata daemon socket.
[[0;32m  OK  [0m] Reached target Swap.
         Mounting Kernel Debug File System...
         Starting Uncomplicated firewall...
         Starting Load Kernel Modules...
[[0;32m  OK  [0m] Listening on udev Control Socket.
         Starting udev Coldplug all Devices...
[[0;32m  OK  [0m] Listening on /dev/initctl Compatibility Named Pipe.
[[0;32m  OK  [0m] Listening on Syslog Socket.
[[0;32m  OK  [0m] Listening on Journal Socket (/dev/log).
         Starting Journal Service...
[[0;32m  OK  [0m] Created slice system-serial\x2dgetty.slice.
         Starting Monitoring of LVM2 mirrors…ng dmeventd or progress polling...
         Mounting Huge Pages File System...
[[0;32m  OK  [0m] Mounted POSIX Message Queue File System.
[[0;32m  OK  [0m] Started Create list of required sta…vice nodes for the current kernel.
[[0;32m  OK  [0m] Mounted Kernel Debug File System.
[[0;32m  OK  [0m] Started Uncomplicated firewall.
[[0;32m  OK  [0m] Mounted Huge Pages File System.
[[0;32m  OK  [0m] Started File System Check Daemon to report status.
[    5.338633] Loading iSCSI transport class v2.0-870.
         Starting Create Static Device Nodes in /dev...
[    5.346143] iscsi: registered transport (tcp)
[[0;32m  OK  [0m] Started LVM2 metadata daemon.
[[0;32m  OK  [0m] Started Journal Service.
[[0;32m  OK  [0m] Started File System Check on Root Device.
         Starting Remount Root and Kernel File Systems...
[[0;32m  OK  [0m] Started udev Coldplug all Devices.
[[0;32m  OK  [0m] Started Create Static Device Nodes in /dev.
[    5.485726] iscsi: registered transport (iser)
[[0;32m  OK  [0m] Started Load Kernel Modules.
         Starting Apply Kernel Variables...
         Mounting Kernel Configuration File System...
         Mounting FUSE Control File System...
[[0;32m  OK  [0m] Mounted FUSE Control File System.
[[0;32m  OK  [0m] Mounted Kernel Configuration File System.
[[0;32m  OK  [0m] Started Remount Root and Kernel File Systems.
         Starting Load/Save Random Seed...
         Starting udev Kernel Device Manager...
         Starting Flush Journal to Persistent Storage...
[[0;32m  OK  [0m] Started Monitoring of LVM2 mirrors,…sing dmeventd or progress polling.
[[0;32m  OK  [0m] Started Apply Kernel Variables.
[[0;32m  OK  [0m] Started Load/Save Random Seed.
[[0;32m  OK  [0m] Started udev Kernel Device Manager.
[[0;32m  OK  [0m] Started Flush Journal to Persistent Storage.
[[0;32m  OK  [0m] Found device /dev/ttyS0.
[[0;32m  OK  [0m] Listening on Load/Save RF Kill Switch Status /dev/rfkill Watch.
[[0;32m  OK  [0m] Started Set the console keyboard layout.
[[0;32m  OK  [0m] Reached target Local File Systems (Pre).
[[0;32m  OK  [0m] Reached target Local File Systems.
         Starting Commit a transient machine-id on disk...
         Starting Create Volatile Files and Directories...
         Starting Set console font and keymap...
         Starting AppArmor initialization...
         Starting ebtables ruleset management...
         Starting Tell Plymouth To Write Out Runtime Data...
[[0;32m  OK  [0m] Started Dispatch Password Requests to Console Directory Watch.
[[0;32m  OK  [0m] Reached target Local Encrypted Volumes.
[[0;32m  OK  [0m] Started Tell Plymouth To Write Out Runtime Data.
[[0;32m  OK  [0m] Started Create Volatile Files and Directories.
         Starting Update UTMP about System Boot/Shutdown...
[[0;32m  OK  [0m] Started Update UTMP about System Boot/Shutdown.
[[0;32m  OK  [0m] Started Commit a transient machine-id on disk.
[[0;32m  OK  [0m] Started ebtables ruleset management.
[[0;32m  OK  [0m] Started AppArmor initialization.
         Starting Initial cloud-init job (pre-networking)...
         Starting Load AppArmor profiles managed internally by snapd...
[[0;32m  OK  [0m] Started Load AppArmor profiles managed internally by snapd.
[[0;32m  OK  [0m] Started Set console font and keymap.
[    8.766560] cloud-init[783]: Cloud-init v. 21.4-0ubuntu1~18.04.1 running 'init-local' at Mon, 03 Jan 2022 10:40:05 +0000. Up 8.41 seconds.
[[0;32m  OK  [0m] Started Initial cloud-init job (pre-networking).
[[0;32m  OK  [0m] Reached target Network (Pre).
         Starting Network Service...
[[0;32m  OK  [0m] Started Network Service.
         Starting Network Name Resolution...
         Starting Wait for Network to be Configured...
[[0;32m  OK  [0m] Started Network Name Resolution.
[[0;32m  OK  [0m] Reached target Network.
[[0;32m  OK  [0m] Reached target Host and Network Name Lookups.
[[0;32m  OK  [0m] Started Wait for Network to be Configured.
         Starting Initial cloud-init job (metadata service crawler)...
[   10.629784] cloud-init[946]: Cloud-init v. 21.4-0ubuntu1~18.04.1 running 'init' at Mon, 03 Jan 2022 10:40:07 +0000. Up 10.50 seconds.
[   10.640595] cloud-init[946]: ci-info: ++++++++++++++++++++++++++++++++++++++Net device info+++++++++++++++++++++++++++++++++++++++
[   10.652485] cloud-init[946]: ci-info: +--------+-------+----------------------------+---------------+--------+-------------------+
[   10.653993] cloud-init[946]: ci-info: | Device |   Up  |          Address           |      Mask     | Scope  |     Hw-Address    |
[   10.655900] cloud-init[946]: ci-info: +--------+-------+----------------------------+---------------+--------+-------------------+
[   10.657872] cloud-init[946]: ci-info: | enp0s3 |  True |         10.0.2.15          | 255.255.255.0 | global | 02:29:e0:c3:be:94 |
[   10.660482] cloud-init[946]: ci-info: | enp0s3 |  True | fe80::29:e0ff:fec3:be94/64 |       .       |  link  | 02:29:e0:c3:be:94 |
[   10.662972] cloud-init[946]: ci-info: | enp0s8 | False |             .              |       .       |   .    | 08:00:27:34:4b:c5 |
[   10.665498] cloud-init[946]: ci-info: |   lo   |  True |         127.0.0.1          |   255.0.0.0   |  host  |         .         |
[   10.667854] cloud-init[946]: ci-info: |   lo   |  True |          ::1/128           |       .       |  host  |         .         |
[   10.669836] cloud-init[946]: ci-info: +--------+-------+----------------------------+---------------+--------+-------------------+
[   10.671794] cloud-init[946]: ci-info: ++++++++++++++++++++++++++++Route IPv4 info+++++++++++++++++++++++++++++
[   10.673543] cloud-init[946]: ci-info: +-------+-------------+----------+-----------------+-----------+-------+
[   10.675892] cloud-init[946]: ci-info: | Route | Destination | Gateway  |     Genmask     | Interface | Flags |
[   10.678053] cloud-init[946]: ci-info: +-------+-------------+----------+-----------------+-----------+-------+
[   10.679592] cloud-init[946]: ci-info: |   0   |   0.0.0.0   | 10.0.2.2 |     0.0.0.0     |   enp0s3  |   UG  |
[   10.681249] cloud-init[946]: ci-info: |   1   |   10.0.2.0  | 0.0.0.0  |  255.255.255.0  |   enp0s3  |   U   |
[   10.683021] cloud-init[946]: ci-info: |   2   |   10.0.2.2  | 0.0.0.0  | 255.255.255.255 |   enp0s3  |   UH  |
[   10.684964] cloud-init[946]: ci-info: +-------+-------------+----------+-----------------+-----------+-------+
[   10.686639] cloud-init[946]: ci-info: +++++++++++++++++++Route IPv6 info+++++++++++++++++++
[   10.687982] cloud-init[946]: ci-info: +-------+-------------+---------+-----------+-------+
[   10.689315] cloud-init[946]: ci-info: | Route | Destination | Gateway | Interface | Flags |
[   10.690552] cloud-init[946]: ci-info: +-------+-------------+---------+-----------+-------+
[   10.692210] cloud-init[946]: ci-info: |   1   |  fe80::/64  |    ::   |   enp0s3  |   U   |
[   10.693591] cloud-init[946]: ci-info: |   3   |    local    |    ::   |   enp0s3  |   U   |
[   10.694796] cloud-init[946]: ci-info: |   4   |   ff00::/8  |    ::   |   enp0s3  |   U   |
[   10.696230] cloud-init[946]: ci-info: +-------+-------------+---------+-----------+-------+
[   11.335145] cloud-init[946]: Generating public/private rsa key pair.
[   11.336913] cloud-init[946]: Your identification has been saved in /etc/ssh/ssh_host_rsa_key.
[   11.338430] cloud-init[946]: Your public key has been saved in /etc/ssh/ssh_host_rsa_key.pub.
[   11.339918] cloud-init[946]: The key fingerprint is:
[   11.341144] cloud-init[946]: SHA256:gI+Vo7AgecWqfWz5pLV8P2++D+RfVeLThJVlIRHOSs8 root@ubuntu-bionic
[   11.348233] cloud-init[946]: The key's randomart image is:
[   11.349304] cloud-init[946]: +---[RSA 2048]----+
[   11.350768] cloud-init[946]: |   ..        +o.B|
[   11.356186] cloud-init[946]: | . ... .    o .= |
[   11.364468] cloud-init[946]: |+ o.. =    . oo o|
[   11.366778] cloud-init[946]: |.o.o = o  . +. +.|
[   11.368733] cloud-init[946]: | o..o.. S  ..Eo o|
[   11.369885] cloud-init[946]: |. . = o    o   ..|
[   11.370922] cloud-init[946]: |   o * .    o   .|
[   11.371869] cloud-init[946]: |    . + . . .o . |
[   11.380208] cloud-init[946]: |       . ..=+oo  |
[   11.381965] cloud-init[946]: +----[SHA256]-----+
[   11.382909] cloud-init[946]: Generating public/private dsa key pair.
[   11.384831] cloud-init[946]: Your identification has been saved in /etc/ssh/ssh_host_dsa_key.
[   11.396320] cloud-init[946]: Your public key has been saved in /etc/ssh/ssh_host_dsa_key.pub.
[   11.398328] cloud-init[946]: The key fingerprint is:
[   11.399232] cloud-init[946]: SHA256:BBhK+fE8eG5tcT1dqAVnh5VdCoAoC9+IneiSM7uqHfs root@ubuntu-bionic
[   11.401227] cloud-init[946]: The key's randomart image is:
[   11.402806] cloud-init[946]: +---[DSA 1024]----+
[   11.404165] cloud-init[946]: |  ...o.. ...o.o+B|
[   11.405400] cloud-init[946]: | .o.+ ...    +++o|
[   11.406765] cloud-init[946]: |  .B @  .  . +.. |
[   11.407924] cloud-init[946]: |  o O *.. . + .  |
[   11.409797] cloud-init[946]: | o   o oSo   .   |
[   11.411272] cloud-init[946]: |= .   o o        |
[   11.424586] cloud-init[946]: | =.  . .         |
[   11.426949] cloud-init[946]: |.. o             |
[   11.428135] cloud-init[946]: |*.o.E            |
[   11.430766] cloud-init[946]: +----[SHA256]-----+
[   11.432642] cloud-init[946]: Generating public/private ecdsa key pair.
[   11.435086] cloud-init[946]: Your identification has been saved in /etc/ssh/ssh_host_ecdsa_key.
[   11.437120] cloud-init[946]: Your public key has been saved in /etc/ssh/ssh_host_ecdsa_key.pub.
[   11.439318] cloud-init[946]: The key fingerprint is:
[   11.440989] [[0;32m  OK  [0m] Started Initial cloud-init job (metadata service crawler).
[[0;32m  OK  [0m] Reached target Cloud-config availability.
[[0;32m  OK  [0m] Reached target System Initialization.
[[0;32m  OK  [0m] Started Discard unused blocks once a week.
cloud-init[946]: SHA256:mS9eGrR8KPRz72opjCfekJyslaXHez/25iHg887ECzM root@ubuntu-bionic         Starting LXD - unix socket.
[[0;32m  OK  [0m] Started Daily apt download activities.
[[0;32m  OK  [0m] Listening on Open-iSCSI iscsid Socket.

[[0;32m  OK  [0m] Listening on ACPID Listen Socket.
[[0;32m  OK  [0m] Started Message of the Day.
[[0;32m  OK  [0m] Started Daily Cleanup of Temporary Directories.
[[0;32m  OK  [0m] Started Trigger to poll for Ubuntu …(Only enabled on GCP LTS non-pro).
[[0;32m  OK  [0m] Listening on D-Bus System Message Bus Socket.
[   11.452850] cloud-init[946]: The key's randomart image is:
[[0;32m  OK  [0m] Listening on cloud-init hotplug hook socket.
[   11.469865] cloud-init[946]: +---[ECDSA 256]---+[[0;32m  OK  [0m] Started ACPI Events Check.

[   11.472272] cloud-init[946]: |                 |
[[0;32m  OK  [0m[   11.473160] cloud-init[946]: |                 |
[   11.473606] cloud-init[946]: |                 |
[   11.475525] cloud-init[946]: |         o       |
[   11.475899] cloud-init[946]: |      . S .      |
[   11.477424] cloud-init[946]: |     + @ = o     |
[   11.477595] cloud-init[946]: |      @o@ E.+ .  |
[   11.478607] cloud-init[946]: |     oo*+X+Xoo.. |
[   11.480534] cloud-init[946]: |    ...o=+.*O=o  |
[   11.480700] cloud-init[946]: +----[SHA256]-----+
[   11.482574] cloud-init[946]: Generating public/private ed25519 key pair.
[   11.483137] cloud-init[946]: Your identification has been saved in /etc/ssh/ssh_host_ed25519_key.
[   11.483937] cloud-init[946]: Your public key has been saved in /etc/ssh/ssh_host_ed25519_key.pub.
[   11.485606] cloud-init[946]: The key fingerprint is:
[   11.487367] cloud-init[946]: SHA256:I/6J6rNEw9Xhvag47evGJ4rsWfWdDS9Ycn5DP3YBEfk root@ubuntu-bionic
[   11.487936] cloud-init[946]: The key's randomart image is:
[   11.488678] cloud-init[946]: +--[ED25519 256]--+
[   11.489806] cloud-init[946]: |        .    oo  |
[   11.490515] cloud-init[946]: |       o o   ..  |
[   11.493357] cloud-init[946]: |      . o .  ..  |
[   11.493503] cloud-init[946]: |   . .   . .  .E |
[   11.495435] cloud-init[946]: |    + o S = .  . |
[   11.495769] cloud-init[946]: |   . * + O * .  .|
] Reached target Paths.
[[0;32m  OK  [0m] Listening on UUID daemon activation socket.
[[0;32m  OK  [0m] Started Ubuntu Advantage Timer for running repeated jobs.
[[0;32m  OK  [0m] Started Daily apt upgrade and clean activities.
[[0;32m  OK  [0m] Reached target Timers.
[   11.504187] cloud-init[946]: |    =.+ o = = + .|
         Starting Socket activation for snappy daemon.
[   11.506774] cloud-init[946]: | . =.o+o.. o o o |
[   11.509234] cloud-init[946]: | .=.=B=+o        |
[   11.509396] cloud-init[946]: +----[SHA256]-----+
[[0;32m  OK  [0m] Reached target Network is Online.
[[0;32m  OK  [0m] Reached target Remote File Systems (Pre).
[[0;32m  OK  [0m] Reached target Remote File Systems.
         Starting Availability of block devices...
[[0;32m  OK  [0m] Listening on LXD - unix socket.
[[0;32m  OK  [0m] Listening on Socket activation for snappy daemon.
[[0;32m  OK  [0m] Reached target Sockets.
[[0;32m  OK  [0m] Reached target Basic System.
[[0;32m  OK  [0m] Started Deferred execution scheduler.
         Starting Pollinate to seed the pseudo random number generator...
[[0;32m  OK  [0m] Started FUSE filesystem for LXC.
[[0;32m  OK  [0m] Started Regular background program processing daemon.
         Starting Permit User Sessions...
         Starting Dispatcher daemon for systemd-networkd...
         Starting System Logging Service...
[[0;32m  OK  [0m] Started D-Bus System Message Bus.
         Starting LSB: Record successful boot for GRUB...
         Starting LSB: automatic crash report generation...
         Starting Snap Daemon...
         Starting Accounts Service...
         Starting LXD - container startup/shutdown...
         Starting Login Service...
[[0;32m  OK  [0m] Started irqbalance daemon.
         Starting Virtualbox guest utils...
[[0;32m  OK  [0m] Started System Logging Service.
[[0;32m  OK  [0m] Started Availability of block devices.
[[0;32m  OK  [0m] Started Permit User Sessions.
         Starting Terminate Plymouth Boot Screen...
         Starting Hold until boot process finishes up...
[[0;32m  OK  [0m] Started Hold until boot process finishes up.
[[0;32m  OK  [0m] Started Terminate Plymouth Boot Screen.
[[0;32m  OK  [0m] Started Login Service.
[[0;32m  OK  [0m] Started Unattended Upgrades Shutdown.
         Starting Authorization Manager...
         Starting Set console scheme...
[[0;32m  OK  [0m] Started Serial Getty on ttyS0.
[[0;32m  OK  [0m] Started LSB: automatic crash report generation.
[[0;32m  OK  [0m] Started Set console scheme.
[[0;32m  OK  [0m] Created slice system-getty.slice.
[[0;32m  OK  [0m] Started Getty on tty1.
[[0;32m  OK  [0m] Reached target Login Prompts.
[[0;32m  OK  [0m] Started LSB: Record successful boot for GRUB.
[[0;32m  OK  [0m] Started Authorization Manager.
[[0;32m  OK  [0m] Started Accounts Service.
[[0;32m  OK  [0m] Started LXD - container startup/shutdown.
[[0;32m  OK  [0m] Started Dispatcher daemon for systemd-networkd.
[[0;32m  OK  [0m] Started Virtualbox guest utils.
[[0;32m  OK  [0m] Started Pollinate to seed the pseudo random number generator.
         Starting OpenBSD Secure Shell server...
[[0;32m  OK  [0m] Started Snap Daemon.
         Starting Wait until snapd is fully seeded...
[[0;32m  OK  [0m] Started OpenBSD Secure Shell server.
[[0;32m  OK  [0m] Created slice User Slice of vagrant.
         Starting User Manager for UID 1000...
[[0;32m  OK  [0m] Started Session 1 of user vagrant.
[[0;32m  OK  [0m] Started User Manager for UID 1000.
[[0;32m  OK  [0m] Started Wait until snapd is fully seeded.
[[0;32m  OK  [0m] Reached target Multi-User System.
[[0;32m  OK  [0m] Reached target Graphical Interface.
         Starting Update UTMP about System Runlevel Changes...
         Starting Apply the settings specified in cloud-config...
[[0;32m  OK  [0m] Started Update UTMP about System Runlevel Changes.
[   15.006439] cloud-init[1492]: Cloud-init v. 21.4-0ubuntu1~18.04.1 running 'modules:config' at Mon, 03 Jan 2022 10:40:11 +0000. Up 14.43 seconds.
[[0;32m  OK  [0m] Started Apply the settings specified in cloud-config.
         Starting Execute cloud user/final scripts...
ci-info: no authorized SSH keys fingerprints found for user ubuntu.
<14>Jan  3 10:40:12 cloud-init: #############################################################
<14>Jan  3 10:40:12 cloud-init: -----BEGIN SSH HOST KEY FINGERPRINTS-----
<14>Jan  3 10:40:12 cloud-init: 1024 SHA256:BBhK+fE8eG5tcT1dqAVnh5VdCoAoC9+IneiSM7uqHfs root@ubuntu-bionic (DSA)
<14>Jan  3 10:40:12 cloud-init: 256 SHA256:mS9eGrR8KPRz72opjCfekJyslaXHez/25iHg887ECzM root@ubuntu-bionic (ECDSA)
<14>Jan  3 10:40:12 cloud-init: 256 SHA256:I/6J6rNEw9Xhvag47evGJ4rsWfWdDS9Ycn5DP3YBEfk root@ubuntu-bionic (ED25519)
<14>Jan  3 10:40:12 cloud-init: 2048 SHA256:gI+Vo7AgecWqfWz5pLV8P2++D+RfVeLThJVlIRHOSs8 root@ubuntu-bionic (RSA)
<14>Jan  3 10:40:12 cloud-init: -----END SSH HOST KEY FINGERPRINTS-----
<14>Jan  3 10:40:12 cloud-init: #############################################################
-----BEGIN SSH HOST KEY KEYS-----
ecdsa-sha2-nistp256 AAAAE2VjZHNhLXNoYTItbmlzdHAyNTYAAAAIbmlzdHAyNTYAAABBBEd23PXkrz3cMvAADuCdRQoylYTBdL2QvHxNLweReSouqwNw7fSlz0q+wfgN2t9ytsogmsDimXGLF9vKS/wij14= root@ubuntu-bionic
ssh-ed25519 AAAAC3NzaC1lZDI1NTE5AAAAIM9s88cw4U0nXzdEDDbiXDOywUffXJN48VT7B++/cMk5 root@ubuntu-bionic
ssh-rsa AAAAB3NzaC1yc2EAAAADAQABAAABAQDzb0nRep/yvSTW/+OyWZoUENvYiStqG7L3KdI7MMB1T/1dC9hNzZsptIZOv1oueABmGO1P7vKiIZ5RjhF/wKUMal66AbeR+xPusxXElsgPKzg7Rt6EYip4RY9JPlb1QblHGxzze+UQNysy2uppEYfBNhg7JwEFl4KFNBlxbpzqpLpQVUdVk5j/afazxpnV6sGKNNiwb7nMqyUuFpYFnMYvHZd8bHx5Yqm2IY9JdlJ8QADQ9Dy9ULPbXBA3Ccx8WGyYReWYMVdcQVLmOsbFUmLVvpjIp2cMoWjQjK8L0R2Lwc1GD12m83O9UPFY9dgiwWCwcff2ror+i947oDxRR7Qt root@ubuntu-bionic
-----END SSH HOST KEY KEYS-----
[   15.848483] cloud-init[1586]: Cloud-init v. 21.4-0ubuntu1~18.04.1 running 'modules:final' at Mon, 03 Jan 2022 10:40:12 +0000. Up 15.62 seconds.
[   15.864207] cloud-init[1586]: ci-info: no authorized SSH keys fingerprints found for user ubuntu.
[   15.866355] cloud-init[1586]: Cloud-init v. 21.4-0ubuntu1~18.04.1 finished at Mon, 03 Jan 2022 10:40:12 +0000. Datasource DataSourceNoCloud [seed=/dev/sdb][dsmode=net].  Up 15.83 seconds
[[0;32m  OK  [0m] Started Execute cloud user/final scripts.
[[0;32m  OK  [0m] Reached target Cloud-init target.

Ubuntu 18.04.6 LTS ubuntu-bionic         Stopping Authorization Manager...
[[0;32m  OK  [0m] Stopped target Graphical Interface.
         Stopping Accounts Service...
[[0;32m  OK  [0m] Stopped target Host and Network Name Lookups.
         Stopping Session 6 of user vagrant.
         Stopping libcontainer container 675…f4579a59e5cdda7abab12bf31ba504635.
[[0;32m  OK  [0m] Stopped target Timers.
[[0;32m  OK  [0m] Stopped Daily Cleanup of Temporary Directories.
[[0;32m  OK  [0m] Stopped Ubuntu Advantage Timer for running repeated jobs.
[[0;32m  OK  [0m] Stopped Discard unused blocks once a week.
[[0;32m  OK  [0m] Stopped Message of the Day.
[[0;32m  OK  [0m] Stopped Daily apt upgrade and clean activities.
[[0;32m  OK  [0m] Stopped Daily apt download activities.
[[0;32m  OK  [0m] Stopped target System Time Synchronized.
         Stopping User Manager for UID 1000...
[[0;32m  OK  [0m] Closed Load/Save RF Kill Switch Status /dev/rfkill Watch.
         Stopping libcontainer container bd1…6b84a9146fefabaa2e7ff5c36e7e8e282.
         Stopping Availability of block devices...
[[0;32m  OK  [0m] Stopped target Cloud-init target.
[[0;32m  OK  [0m] Stopped Execute cloud user/final scripts.
[[0;32m  OK  [0m] Stopped Apply the settings specified in cloud-config.
[[0;32m  OK  [0m] Stopped target Cloud-config availability.
[[0;32m  OK  [0m] Stopped target Multi-User System.
         Stopping OpenBSD Secure Shell server...
         Stopping LXD - container startup/shutdown...
         Stopping vboxadd-service.service...
         Stopping Regular background program processing daemon...
         Stopping Docker Application Container Engine...
         Stopping Dispatcher daemon for systemd-networkd...
         Stopping Deferred execution scheduler...
         Stopping LSB: Record successful boot for GRUB...
[[0;32m  OK  [0m] Stopped Wait until snapd is fully seeded.
[[0;32m  OK  [0m] Stopped target Login Prompts.
         Stopping Getty on tty1...
         Stopping Serial Getty on ttyS0...
         Stopping System Logging Service...
         Stopping kubelet: The Kubernetes Node Agent...
         Stopping irqbalance daemon...
         Stopping FUSE filesystem for LXC...
         Stopping LSB: automatic crash report generation...
         Stopping D-Bus System Message Bus...
[[0;32m  OK  [0m] Unmounted /var/lib/lxcfs.
[[0;32m  OK  [0m] Stopped Accounts Service.
[[0;32m  OK  [0m] Stopped irqbalance daemon.
[[0;32m  OK  [0m] Stopped System Logging Service.
[[0;32m  OK  [0m] Stopped Dispatcher daemon for systemd-networkd.
[[0;32m  OK  [0m] Stopped Regular background program processing daemon.
[[0;32m  OK  [0m] Stopped Deferred execution scheduler.
[[0;32m  OK  [0m] Stopped Authorization Manager.
[[0;32m  OK  [0m] Stopped Serial Getty on ttyS0.
[[0;32m  OK  [0m] Stopped Getty on tty1.
[[0;32m  OK  [0m] Stopped OpenBSD Secure Shell server.
[[0;32m  OK  [0m] Stopped kubelet: The Kubernetes Node Agent.
[[0;32m  OK  [0m] Stopped User Manager for UID 1000.
[[0;32m  OK  [0m] Stopped Availability of block devices.
[[0;32m  OK  [0m] Stopped D-Bus System Message Bus.
[[0;32m  OK  [0m] Stopped FUSE filesystem for LXC.
[[0;32m  OK  [0m] Stopped libcontainer container bd11…6b84a9146fefabaa2e7ff5c36e7e8e282.
[[0;32m  OK  [0m] Stopped libcontainer container 675e…f4579a59e5cdda7abab12bf31ba504635.
[[0;32m  OK  [0m] Stopped Session 6 of user vagrant.
[[0;32m  OK  [0m] Removed slice libcontainer containe…586d_44c4_97b6_82a50c281db7.slice.
[[0;32m  OK  [0m] Removed slice User Slice of vagrant.
         Stopping Login Service...
[[0;32m  OK  [0m] Removed slice system-getty.slice.
[[0;32m  OK  [0m] Removed slice system-serial\x2dgetty.slice.
         Stopping Permit User Sessions...
[[0;32m  OK  [0m] Stopped LXD - container startup/shutdown.
[[0;32m  OK  [0m] Stopped vboxadd-service.service.
         Stopping vboxadd.service...
[[0;32m  OK  [0m] Stopped Permit User Sessions.
[[0;32m  OK  [0m] Stopped Login Service.
[[0;32m  OK  [0m] Stopped LSB: Record successful boot for GRUB.
[[0;32m  OK  [0m] Stopped LSB: automatic crash report generation.
[[0;32m  OK  [0m] Stopped target Remote File Systems.
         Unmounting /vagrant...
[[0;32m  OK  [0m] Stopped target User and Group Name Lookups.
[[0;32m  OK  [0m] Unmounted /vagrant.
[[0;32m  OK  [0m] Stopped target Remote File Systems (Pre).
[[0;32m  OK  [0m] Stopped vboxadd.service.
[[0;32m  OK  [0m] Unmounted /var/lib/docker/overlay2/…4422544fba88a86f36fc247f0a/merged.
[[0;32m  OK  [0m] Unmounted /var/lib/docker/overlay2/…16972c29b9bf190412eb4e1b59/merged.
[[0;32m  OK  [0m] Unmounted /var/lib/docker/container…591b5582bacd44dd03bb9b/mounts/shm.
[[0;32m  OK  [0m] Unmounted /var/lib/docker/container…fabaa2e7ff5c36e7e8e282/mounts/shm.
[[0;32m  OK  [0m] Unmounted /var/lib/docker/overlay2/…8dedc17fecd9949f2c77329536/merged.
[[0;32m  OK  [0m] Unmounted /var/lib/docker/overlay2/…aec42f3137699eb066b3b224c7/merged.
[[0;32m  OK  [0m] Unmounted /var/lib/docker/container…5650a55e61dfe35d16697d/mounts/shm.
[[0;32m  OK  [0m] Unmounted /var/lib/docker/overlay2/…3e61cef6660778bc173090a3e2/merged.
[[0;32m  OK  [0m] Unmounted /var/lib/docker/overlay2/…9f3e74dabfbb57eb91521cbe82/merged.
[[0;32m  OK  [0m] Unmounted /var/lib/docker/overlay2/…8ad312d94c911ae9d6c32ed537/merged.
[[0;32m  OK  [0m] Unmounted /var/lib/docker/container…754432bdb65592be20c9b5/mounts/shm.
[[0;32m  OK  [0m] Unmounted /var/lib/docker/container…2bc8de11b4150015f18977/mounts/shm.
[[0;32m  OK  [0m] Unmounted /var/lib/docker/overlay2/…812b7e859335dd9c893ab2c0a4/merged.
[[0;32m  OK  [0m] Unmounted /var/lib/docker/overlay2/…5fefbe29f892b52c28b3f560ee/merged.
[[0;32m  OK  [0m] Unmounted /var/lib/docker/overlay2/…fb6f0c425f99c8a6d3df2a599f/merged.
[[0;32m  OK  [0m] Stopped Docker Application Container Engine.
         Stopping containerd container runtime...
[[0;32m  OK  [0m] Stopped target Network is Online.
[[0;32m  OK  [0m] Stopped containerd container runtime.
[[0;32m  OK  [0m] Stopped target Network.
         Stopping Network Name Resolution...
[[0;32m  OK  [0m] Stopped target Basic System.
[[0;32m  OK  [0m] Stopped target Sockets.
[[0;32m  OK  [0m] Closed Docker Socket for the API.
[[0;32m  OK  [0m] Closed Syslog Socket.
[[0;32m  OK  [0m] Closed Socket activation for snappy daemon.
[[0;32m  OK  [0m] Closed LXD - unix socket.
[[0;32m  OK  [0m] Closed D-Bus System Message Bus Socket.
[[0;32m  OK  [0m] Closed UUID daemon activation socket.
[[0;32m  OK  [0m] Closed cloud-init hotplug hook socket.
[[0;32m  OK  [0m] Closed ACPID Listen Socket.
[[0;32m  OK  [0m] Closed Open-iSCSI iscsid Socket.
[[0;32m  OK  [0m] Stopped target Paths.
[[0;32m  OK  [0m] Stopped Trigger to poll for Ubuntu …(Only enabled on GCP LTS non-pro).
[[0;32m  OK  [0m] Stopped ACPI Events Check.
[[0;32m  OK  [0m] Stopped target System Initialization.
         Stopping Update UTMP about System Boot/Shutdown...
         Stopping Load/Save Random Seed...
[[0;32m  OK  [0m] Stopped Initial cloud-init job (metadata service crawler).
[[0;32m  OK  [0m] Stopped target Local Encrypted Volumes.
[[0;32m  OK  [0m] Stopped Commit a transient machine-id on disk.
[[0;32m  OK  [0m] Stopped Dispatch Password Requests to Console Directory Watch.
[[0;32m  OK  [0m] Stopped Forward Password Requests to Wall Directory Watch.
[[0;32m  OK  [0m] Stopped target Slices.
[[0;32m  OK  [0m] Removed slice User and Session Slice.
[[0;32m  OK  [0m] Stopped Network Name Resolution.
[[0;32m  OK  [0m] Stopped Load/Save Random Seed.
         Stopping Network Service...
[[0;32m  OK  [0m] Stopped Update UTMP about System Boot/Shutdown.
[[0;32m  OK  [0m] Stopped Create Volatile Files and Directories.
[[0;32m  OK  [0m] Stopped target Local File Systems.
         Unmounting /run/docker/netns/default...
         Unmounting /run/user/1000...
         Unmounting /var/lib/kubelet/pods/32…projected/kube-api-access-4gthc...
[[0;32m  OK  [0m] Unmounted /run/docker/netns/default.
[[0;32m  OK  [0m] Unmounted /run/user/1000.
[[0;32m  OK  [0m] Unmounted /var/lib/kubelet/pods/326…o~projected/kube-api-access-4gthc.
[[0;32m  OK  [0m] Stopped Network Service.
[[0;32m  OK  [0m] Stopped target Network (Pre).
[[0;32m  OK  [0m] Stopped Initial cloud-init job (pre-networking).
[[0;32m  OK  [0m] Stopped Apply Kernel Variables.
[[0;32m  OK  [0m] Stopped Load Kernel Modules.
[[0;32m  OK  [0m] Reached target Unmount All Filesystems.
[[0;32m  OK  [0m] Stopped target Swap.
[[0;32m  OK  [0m] Stopped target Local File Systems (Pre).
[[0;32m  OK  [0m] Stopped Remount Root and Kernel File Systems.
[[0;32m  OK  [0m] Stopped Create Static Device Nodes in /dev.
[[0;32m  OK  [0m] Reached target Shutdown.
[[0;32m  OK  [0m] Reached target Final Step.
         Starting Power-Off...
         Stopping Monitoring of LVM2 mirrors…ng dmeventd or progress polling...
[ 5239.805544] reboot: Power down
